{"numFailedTestSuites":14,"numFailedTests":4,"numPassedTestSuites":0,"numPassedTests":0,"numPendingTestSuites":0,"numPendingTests":0,"numRuntimeErrorTestSuites":13,"numTodoTests":0,"numTotalTestSuites":14,"numTotalTests":4,"openHandles":[],"snapshot":{"added":0,"didUpdate":false,"failure":false,"filesAdded":0,"filesRemoved":0,"filesRemovedList":[],"filesUnmatched":0,"filesUpdated":0,"matched":0,"total":0,"unchecked":0,"uncheckedKeysByFile":[],"unmatched":0,"updated":0},"startTime":1739700977866,"success":false,"testResults":[{"assertionResults":[{"ancestorTitles":["HeroSlider"],"duration":121,"failureDetails":[{}],"failureMessages":["TypeError: Cannot read properties of undefined (reading 'catch')\n    at play (/Users/lovas.zoltan/Seafile/Saját kötet/Me, Myself and I/webpage/lovas-political-site/src/components/slider/HeroSlider.tsx:56:18)\n    at Array.forEach (<anonymous>)\n    at forEach (/Users/lovas.zoltan/Seafile/Saját kötet/Me, Myself and I/webpage/lovas-political-site/src/components/slider/HeroSlider.tsx:52:12)\n    at commitHookEffectListMount (/Users/lovas.zoltan/Seafile/Saját kötet/Me, Myself and I/webpage/lovas-political-site/node_modules/react-dom/cjs/react-dom.development.js:23189:26)\n    at commitPassiveMountOnFiber (/Users/lovas.zoltan/Seafile/Saját kötet/Me, Myself and I/webpage/lovas-political-site/node_modules/react-dom/cjs/react-dom.development.js:24970:11)\n    at commitPassiveMountEffects_complete (/Users/lovas.zoltan/Seafile/Saját kötet/Me, Myself and I/webpage/lovas-political-site/node_modules/react-dom/cjs/react-dom.development.js:24930:9)\n    at commitPassiveMountEffects_begin (/Users/lovas.zoltan/Seafile/Saját kötet/Me, Myself and I/webpage/lovas-political-site/node_modules/react-dom/cjs/react-dom.development.js:24917:7)\n    at commitPassiveMountEffects (/Users/lovas.zoltan/Seafile/Saját kötet/Me, Myself and I/webpage/lovas-political-site/node_modules/react-dom/cjs/react-dom.development.js:24905:3)\n    at flushPassiveEffectsImpl (/Users/lovas.zoltan/Seafile/Saját kötet/Me, Myself and I/webpage/lovas-political-site/node_modules/react-dom/cjs/react-dom.development.js:27078:3)\n    at flushPassiveEffects (/Users/lovas.zoltan/Seafile/Saját kötet/Me, Myself and I/webpage/lovas-political-site/node_modules/react-dom/cjs/react-dom.development.js:27023:14)\n    at commitRootImpl (/Users/lovas.zoltan/Seafile/Saját kötet/Me, Myself and I/webpage/lovas-political-site/node_modules/react-dom/cjs/react-dom.development.js:26974:5)\n    at commitRoot (/Users/lovas.zoltan/Seafile/Saját kötet/Me, Myself and I/webpage/lovas-political-site/node_modules/react-dom/cjs/react-dom.development.js:26721:5)\n    at performSyncWorkOnRoot (/Users/lovas.zoltan/Seafile/Saját kötet/Me, Myself and I/webpage/lovas-political-site/node_modules/react-dom/cjs/react-dom.development.js:26156:3)\n    at flushSyncCallbacks (/Users/lovas.zoltan/Seafile/Saját kötet/Me, Myself and I/webpage/lovas-political-site/node_modules/react-dom/cjs/react-dom.development.js:12042:22)\n    at flushActQueue (/Users/lovas.zoltan/Seafile/Saját kötet/Me, Myself and I/webpage/lovas-political-site/node_modules/react/cjs/react.development.js:2667:24)\n    at act (/Users/lovas.zoltan/Seafile/Saját kötet/Me, Myself and I/webpage/lovas-political-site/node_modules/react/cjs/react.development.js:2582:11)\n    at /Users/lovas.zoltan/Seafile/Saját kötet/Me, Myself and I/webpage/lovas-political-site/node_modules/@testing-library/react/dist/act-compat.js:47:25\n    at Object.eventWrapper (/Users/lovas.zoltan/Seafile/Saját kötet/Me, Myself and I/webpage/lovas-political-site/node_modules/@testing-library/react/dist/pure.js:107:28)\n    at fireEvent (/Users/lovas.zoltan/Seafile/Saját kötet/Me, Myself and I/webpage/lovas-political-site/node_modules/@testing-library/dom/dist/events.js:12:35)\n    at Function.fireEvent.<computed> [as click] (/Users/lovas.zoltan/Seafile/Saját kötet/Me, Myself and I/webpage/lovas-political-site/node_modules/@testing-library/dom/dist/events.js:110:36)\n    at Function.fireEvent.<computed> [as click] (/Users/lovas.zoltan/Seafile/Saját kötet/Me, Myself and I/webpage/lovas-political-site/node_modules/@testing-library/react/dist/fire-event.js:15:52)\n    at Object.click (/Users/lovas.zoltan/Seafile/Saját kötet/Me, Myself and I/webpage/lovas-political-site/__tests__/components/slider/HeroSlider.test.tsx:53:15)\n    at Promise.then.completed (/Users/lovas.zoltan/Seafile/Saját kötet/Me, Myself and I/webpage/lovas-political-site/node_modules/jest-circus/build/utils.js:298:28)\n    at new Promise (<anonymous>)\n    at callAsyncCircusFn (/Users/lovas.zoltan/Seafile/Saját kötet/Me, Myself and I/webpage/lovas-political-site/node_modules/jest-circus/build/utils.js:231:10)\n    at _callCircusTest (/Users/lovas.zoltan/Seafile/Saját kötet/Me, Myself and I/webpage/lovas-political-site/node_modules/jest-circus/build/run.js:316:40)\n    at processTicksAndRejections (node:internal/process/task_queues:95:5)\n    at _runTest (/Users/lovas.zoltan/Seafile/Saját kötet/Me, Myself and I/webpage/lovas-political-site/node_modules/jest-circus/build/run.js:252:3)\n    at _runTestsForDescribeBlock (/Users/lovas.zoltan/Seafile/Saját kötet/Me, Myself and I/webpage/lovas-political-site/node_modules/jest-circus/build/run.js:126:9)\n    at _runTestsForDescribeBlock (/Users/lovas.zoltan/Seafile/Saját kötet/Me, Myself and I/webpage/lovas-political-site/node_modules/jest-circus/build/run.js:121:9)\n    at run (/Users/lovas.zoltan/Seafile/Saját kötet/Me, Myself and I/webpage/lovas-political-site/node_modules/jest-circus/build/run.js:71:3)\n    at runAndTransformResultsToJestFormat (/Users/lovas.zoltan/Seafile/Saját kötet/Me, Myself and I/webpage/lovas-political-site/node_modules/jest-circus/build/legacy-code-todo-rewrite/jestAdapterInit.js:122:21)\n    at jestAdapter (/Users/lovas.zoltan/Seafile/Saját kötet/Me, Myself and I/webpage/lovas-political-site/node_modules/jest-circus/build/legacy-code-todo-rewrite/jestAdapter.js:79:19)\n    at runTestInternal (/Users/lovas.zoltan/Seafile/Saját kötet/Me, Myself and I/webpage/lovas-political-site/node_modules/jest-runner/build/runTest.js:367:16)\n    at runTest (/Users/lovas.zoltan/Seafile/Saját kötet/Me, Myself and I/webpage/lovas-political-site/node_modules/jest-runner/build/runTest.js:444:34)"],"fullName":"HeroSlider navigates with arrow buttons","invocations":1,"location":null,"numPassingAsserts":0,"retryReasons":[],"status":"failed","title":"navigates with arrow buttons"},{"ancestorTitles":["HeroSlider"],"duration":26,"failureDetails":[{"name":"TestingLibraryElementError"}],"failureMessages":["TestingLibraryElementError: Unable to find an element by: [data-testid=\"slider\"]\n\nIgnored nodes: comments, script, style\n\u001b[36m<body>\u001b[39m\n  \u001b[36m<div>\u001b[39m\n    \u001b[36m<div\u001b[39m\n      \u001b[33mclass\u001b[39m=\u001b[32m\"relative w-full aspect-[21/9] max-h-[60vh] overflow-hidden bg-gray-900 group\"\u001b[39m\n    \u001b[36m>\u001b[39m\n      \u001b[36m<div\u001b[39m\n        \u001b[33mclass\u001b[39m=\u001b[32m\"relative w-full h-full\"\u001b[39m\n      \u001b[36m>\u001b[39m\n        \u001b[36m<div\u001b[39m\n          \u001b[33mclass\u001b[39m=\u001b[32m\"absolute inset-0 transition-opacity duration-750 opacity-100\"\u001b[39m\n        \u001b[36m>\u001b[39m\n          \u001b[36m<div\u001b[39m\n            \u001b[33mclass\u001b[39m=\u001b[32m\"absolute inset-0\"\u001b[39m\n          \u001b[36m>\u001b[39m\n            \u001b[36m<div\u001b[39m\n              \u001b[33mclass\u001b[39m=\u001b[32m\"absolute inset-0 bg-cover bg-center transition-transform duration-[2000ms] hover:scale-105\"\u001b[39m\n              \u001b[33mstyle\u001b[39m=\u001b[32m\"background-image: url(/test1.jpg); transform: scale(1.0);\"\u001b[39m\n            \u001b[36m/>\u001b[39m\n            \u001b[36m<div\u001b[39m\n              \u001b[33mclass\u001b[39m=\u001b[32m\"absolute inset-0 bg-black/50 backdrop-brightness-75\"\u001b[39m\n            \u001b[36m/>\u001b[39m\n          \u001b[36m</div>\u001b[39m\n          \u001b[36m<div\u001b[39m\n            \u001b[33mclass\u001b[39m=\u001b[32m\"relative h-full flex flex-col justify-center items-center text-center px-4 md:px-8 max-w-7xl mx-auto\"\u001b[39m\n          \u001b[36m>\u001b[39m\n            \u001b[36m<h1\u001b[39m\n              \u001b[33mclass\u001b[39m=\u001b[32m\"text-3xl md:text-5xl lg:text-6xl font-bold text-white mb-3 md:mb-4 max-w-4xl text-balance drop-shadow-lg\"\u001b[39m\n            \u001b[36m>\u001b[39m\n              \u001b[0mTest Title 1\u001b[0m\n            \u001b[36m</h1>\u001b[39m\n            \u001b[36m<p\u001b[39m\n              \u001b[33mclass\u001b[39m=\u001b[32m\"text-base md:text-lg lg:text-xl text-white/90 max-w-2xl mb-6 text-balance drop-shadow-md\"\u001b[39m\n            \u001b[36m>\u001b[39m\n              \u001b[0mSubtitle 1\u001b[0m\n            \u001b[36m</p>\u001b[39m\n            \u001b[36m<a\u001b[39m\n              \u001b[33mclass\u001b[39m=\u001b[32m\"px-5 py-2.5 md:px-6 md:py-3 text-base md:text-lg font-medium rounded-full bg-white hover:bg-white/90 text-blue-600 hover:text-blue-700 transition-all duration-300 shadow-lg hover:shadow-xl\"\u001b[39m\n              \u001b[33mhref\u001b[39m=\u001b[32m\"/test1\"\u001b[39m\n            \u001b[36m>\u001b[39m\n              \u001b[0mLearn More\u001b[0m\n            \u001b[36m</a>\u001b[39m\n          \u001b[36m</div>\u001b[39m\n        \u001b[36m</div>\u001b[39m\n        \u001b[36m<div\u001b[39m\n          \u001b[33mclass\u001b[39m=\u001b[32m\"absolute inset-0 transition-opacity duration-750 opacity-0 pointer-events-none\"\u001b[39m\n        \u001b[36m>\u001b[39m\n          \u001b[36m<div\u001b[39m\n            \u001b[33mclass\u001b[39m=\u001b[32m\"absolute inset-0\"\u001b[39m\n          \u001b[36m>\u001b[39m\n            \u001b[36m<video\u001b[39m\n              \u001b[33mautoplay\u001b[39m=\u001b[32m\"\"\u001b[39m\n              \u001b[33mclass\u001b[39m=\u001b[32m\"absolute inset-0 w-full h-full object-cover\"\u001b[39m\n              \u001b[33mloop\u001b[39m=\u001b[32m\"\"\u001b[39m\n              \u001b[33mplaysinline\u001b[39m=\u001b[32m\"\"\u001b[39m\n              \u001b[33msrc\u001b[39m=\u001b[32m\"/test.mp4\"\u001b[39m\n            \u001b[36m/>\u001b[39m\n            \u001b[36m<div\u001b[39m\n              \u001b[33mclass\u001b[39m=\u001b[32m\"absolute inset-0 bg-black/30 backdrop-brightness-90\"\u001b[39m\n            \u001b[36m/>\u001b[39m\n          \u001b[36m</div>\u001b[39m\n          \u001b[36m<div\u001b[39m\n            \u001b[33mclass\u001b[39m=\u001b[32m\"relative h-full flex flex-col justify-center items-center text-center px-4 md:px-8 max-w-7xl mx-auto\"\u001b[39m\n          \u001b[36m>\u001b[39m\n            \u001b[36m<h1\u001b[39m\n              \u001b[33mclass\u001b[39m=\u001b[32m\"text-3xl md:text-5xl lg:text-6xl font-bold text-white mb-3 md:mb-4 max-w-4xl text-balance drop-shadow-lg\"\u001b[39m\n            \u001b[36m>\u001b[39m\n              \u001b[0mTest Title 2\u001b[0m\n            \u001b[36m</h1>\u001b[39m\n            \u001b[36m<p\u001b[39m\n              \u001b[33mclass\u001b[39m=\u001b[32m\"text-base md:text-lg lg:text-xl text-white/90 max-w-2xl mb-6 text-balance drop-shadow-md\"\u001b[39m\n            \u001b[36m>\u001b[39m\n              \u001b[0mSubtitle 2\u001b[0m\n            \u001b[36m</p>\u001b[39m\n          \u001b[36m</div>\u001b[39m\n        \u001b[36m</div>\u001b[39m\n      \u001b[36m</div>\u001b[39m\n      \u001b[36m<div\u001b[39m\n        \u001b[33mclass\u001b[39m=\u001b[32m\"absolute inset-x-4 top-1/2 -translate-y-1/2 flex justify-between pointer-events-none opacity-0 group-hover:opacity-100 transition-opacity duration-300\"\u001b[39m\n      \u001b[36m>\u001b[39m\n        \u001b[36m<button\u001b[39m\n          \u001b[33maria-label\u001b[39m=\u001b[32m\"Előző slide\"\u001b[39m\n          \u001b[33mclass\u001b[39m=\u001b[32m\"pointer-events-auto p-2 rounded-full bg-black/20 hover:bg-black/40 text-white transition-all duration-300 backdrop-blur-sm transform hover:scale-110\"\u001b[39m\n        \u001b[36m>\u001b[39m\n          \u001b[36m<svg\u001b[39m\n            \u001b[33mclass\u001b[39m=\u001b[32m\"lucide lucide-chevron-left w-5 h-5\"\u001b[39m\n            \u001b[33mfill\u001b[39m=\u001b[32m\"none\"\u001b[39m\n            \u001b[33mheight\u001b[39m=\u001b[32m\"24\"\u001b[39m\n            \u001b[33mstroke\u001b[39m=\u001b[32m\"currentColor\"\u001b[39m\n            \u001b[33mstroke-linecap\u001b[39m=\u001b[32m\"round\"\u001b[39m\n            \u001b[33mstroke-linejoin\u001b[39m=\u001b[32m\"round\"\u001b[39m\n            \u001b[33mstroke-width\u001b[39m=\u001b[32m\"2\"\u001b[39m\n            \u001b[33mviewBox\u001b[39m=\u001b[32m\"0 0 24 24\"\u001b[39m\n            \u001b[33mwidth\u001b[39m=\u001b[32m\"24\"\u001b[39m\n            \u001b[33mxmlns\u001b[39m=\u001b[32m\"http://www.w3.org/2000/svg\"\u001b[39m\n          \u001b[36m>\u001b[39m\n            \u001b[36m<path\u001b[39m\n              \u001b[33md\u001b[39m=\u001b[32m\"m15 18-6-6 6-6\"\u001b[39m\n            \u001b[36m/>\u001b[39m\n          \u001b[36m</svg>\u001b[39m\n        \u001b[36m</button>\u001b[39m\n        \u001b[36m<button\u001b[39m\n          \u001b[33maria-label\u001b[39m=\u001b[32m\"Következő slide\"\u001b[39m\n          \u001b[33mclass\u001b[39m=\u001b[32m\"pointer-events-auto p-2 rounded-full bg-black/20 hover:bg-black/40 text-white transition-all duration-300 backdrop-blur-sm transform hover:scale-110\"\u001b[39m\n        \u001b[36m>\u001b[39m\n          \u001b[36m<svg\u001b[39m\n            \u001b[33mclass\u001b[39m=\u001b[32m\"lucide lucide-chevron-right w-5 h-5\"\u001b[39m\n            \u001b[33mfill\u001b[39m=\u001b[32m\"none\"\u001b[39m\n            \u001b[33mheight\u001b[39m=\u001b[32m\"24\"\u001b[39m\n            \u001b[33mstroke\u001b[39m=\u001b[32m\"currentColor\"\u001b[39m\n            \u001b[33mstroke-linecap\u001b[39m=\u001b[32m\"round\"\u001b[39m\n            \u001b[33mstroke-linejoin\u001b[39m=\u001b[32m\"round\"\u001b[39m\n            \u001b[33mstroke-width\u001b[39m=\u001b[32m\"2\"\u001b[39m\n            \u001b[33mviewBox\u001b[39m=\u001b[32m\"0 0 24 24\"\u001b[39m\n            \u001b[33mwidth\u001b[39m=\u001b[32m\"24\"\u001b[39m\n            \u001b[33mxmlns\u001b[39m=\u001b[32m\"http://www.w3.org/2000/svg\"\u001b[39m\n          \u001b[36m>\u001b[39m\n            \u001b[36m<path\u001b[39m\n              \u001b[33md\u001b[39m=\u001b[32m\"m9 18 6-6-6-6\"\u001b[39m\n            \u001b[36m/>\u001b[39m\n          \u001b[36m</svg>\u001b[39m\n        \u001b[36m</button>\u001b[39m\n      \u001b[36m</div>\u001b[39m\n      \u001b[36m<div\u001b[39m\n        \u001b[33mclass\u001b[39m=\u001b[32m\"absolute bottom-4 left-1/2 -translate-x-1/2 flex space-x-1.5\"\u001b[39m\n      \u001b[36m>\u001b[39m\n        \u001b[36m<button\u001b[39m\n          \u001b[33maria-label\u001b[39m=\u001b[32m\"1. slide\"\u001b[39m\n          \u001b[33mclass\u001b[39m=\u001b[32m\"w-1.5 h-1.5 rounded-full transition-all duration-300 w-4 bg-white\"\u001b[39m\n        \u001b[36m/>\u001b[39m\n        \u001b[36m<button\u001b[39m\n          \u001b[33maria-label\u001b[39m=\u001b[32m\"2. slide\"\u001b[39m\n          \u001b[33mclass\u001b[39m=\u001b[32m\"w-1.5 h-1.5 rounded-full transition-all duration-300 bg-white/50 hover:bg-white/70\"\u001b[39m\n        \u001b[36m/>\u001b[39m\n      \u001b[36m</div>\u001b[39m\n    \u001b[36m</div>\u001b[39m\n  \u001b[36m</div>\u001b[39m\n\u001b[36m</body>\u001b[39m\n    at Object.getElementError (/Users/lovas.zoltan/Seafile/Saját kötet/Me, Myself and I/webpage/lovas-political-site/node_modules/@testing-library/dom/dist/config.js:37:19)\n    at /Users/lovas.zoltan/Seafile/Saját kötet/Me, Myself and I/webpage/lovas-political-site/node_modules/@testing-library/dom/dist/query-helpers.js:76:38\n    at /Users/lovas.zoltan/Seafile/Saját kötet/Me, Myself and I/webpage/lovas-political-site/node_modules/@testing-library/dom/dist/query-helpers.js:52:17\n    at /Users/lovas.zoltan/Seafile/Saját kötet/Me, Myself and I/webpage/lovas-political-site/node_modules/@testing-library/dom/dist/query-helpers.js:95:19\n    at Object.getByTestId (/Users/lovas.zoltan/Seafile/Saját kötet/Me, Myself and I/webpage/lovas-political-site/__tests__/components/slider/HeroSlider.test.tsx:63:27)\n    at Promise.then.completed (/Users/lovas.zoltan/Seafile/Saját kötet/Me, Myself and I/webpage/lovas-political-site/node_modules/jest-circus/build/utils.js:298:28)\n    at new Promise (<anonymous>)\n    at callAsyncCircusFn (/Users/lovas.zoltan/Seafile/Saját kötet/Me, Myself and I/webpage/lovas-political-site/node_modules/jest-circus/build/utils.js:231:10)\n    at _callCircusTest (/Users/lovas.zoltan/Seafile/Saját kötet/Me, Myself and I/webpage/lovas-political-site/node_modules/jest-circus/build/run.js:316:40)\n    at processTicksAndRejections (node:internal/process/task_queues:95:5)\n    at _runTest (/Users/lovas.zoltan/Seafile/Saját kötet/Me, Myself and I/webpage/lovas-political-site/node_modules/jest-circus/build/run.js:252:3)\n    at _runTestsForDescribeBlock (/Users/lovas.zoltan/Seafile/Saját kötet/Me, Myself and I/webpage/lovas-political-site/node_modules/jest-circus/build/run.js:126:9)\n    at _runTestsForDescribeBlock (/Users/lovas.zoltan/Seafile/Saját kötet/Me, Myself and I/webpage/lovas-political-site/node_modules/jest-circus/build/run.js:121:9)\n    at run (/Users/lovas.zoltan/Seafile/Saját kötet/Me, Myself and I/webpage/lovas-political-site/node_modules/jest-circus/build/run.js:71:3)\n    at runAndTransformResultsToJestFormat (/Users/lovas.zoltan/Seafile/Saját kötet/Me, Myself and I/webpage/lovas-political-site/node_modules/jest-circus/build/legacy-code-todo-rewrite/jestAdapterInit.js:122:21)\n    at jestAdapter (/Users/lovas.zoltan/Seafile/Saját kötet/Me, Myself and I/webpage/lovas-political-site/node_modules/jest-circus/build/legacy-code-todo-rewrite/jestAdapter.js:79:19)\n    at runTestInternal (/Users/lovas.zoltan/Seafile/Saját kötet/Me, Myself and I/webpage/lovas-political-site/node_modules/jest-runner/build/runTest.js:367:16)\n    at runTest (/Users/lovas.zoltan/Seafile/Saját kötet/Me, Myself and I/webpage/lovas-political-site/node_modules/jest-runner/build/runTest.js:444:34)"],"fullName":"HeroSlider handles touch swipe navigation","invocations":1,"location":null,"numPassingAsserts":0,"retryReasons":[],"status":"failed","title":"handles touch swipe navigation"},{"ancestorTitles":["HeroSlider"],"duration":12,"failureDetails":[{"name":"TestingLibraryElementError"}],"failureMessages":["TestingLibraryElementError: Unable to find an element by: [data-testid=\"slider\"]\n\nIgnored nodes: comments, script, style\n\u001b[36m<body>\u001b[39m\n  \u001b[36m<div>\u001b[39m\n    \u001b[36m<div\u001b[39m\n      \u001b[33mclass\u001b[39m=\u001b[32m\"relative w-full aspect-[21/9] max-h-[60vh] overflow-hidden bg-gray-900 group\"\u001b[39m\n    \u001b[36m>\u001b[39m\n      \u001b[36m<div\u001b[39m\n        \u001b[33mclass\u001b[39m=\u001b[32m\"relative w-full h-full\"\u001b[39m\n      \u001b[36m>\u001b[39m\n        \u001b[36m<div\u001b[39m\n          \u001b[33mclass\u001b[39m=\u001b[32m\"absolute inset-0 transition-opacity duration-750 opacity-100\"\u001b[39m\n        \u001b[36m>\u001b[39m\n          \u001b[36m<div\u001b[39m\n            \u001b[33mclass\u001b[39m=\u001b[32m\"absolute inset-0\"\u001b[39m\n          \u001b[36m>\u001b[39m\n            \u001b[36m<div\u001b[39m\n              \u001b[33mclass\u001b[39m=\u001b[32m\"absolute inset-0 bg-cover bg-center transition-transform duration-[2000ms] hover:scale-105\"\u001b[39m\n              \u001b[33mstyle\u001b[39m=\u001b[32m\"background-image: url(/test1.jpg); transform: scale(1.0);\"\u001b[39m\n            \u001b[36m/>\u001b[39m\n            \u001b[36m<div\u001b[39m\n              \u001b[33mclass\u001b[39m=\u001b[32m\"absolute inset-0 bg-black/50 backdrop-brightness-75\"\u001b[39m\n            \u001b[36m/>\u001b[39m\n          \u001b[36m</div>\u001b[39m\n          \u001b[36m<div\u001b[39m\n            \u001b[33mclass\u001b[39m=\u001b[32m\"relative h-full flex flex-col justify-center items-center text-center px-4 md:px-8 max-w-7xl mx-auto\"\u001b[39m\n          \u001b[36m>\u001b[39m\n            \u001b[36m<h1\u001b[39m\n              \u001b[33mclass\u001b[39m=\u001b[32m\"text-3xl md:text-5xl lg:text-6xl font-bold text-white mb-3 md:mb-4 max-w-4xl text-balance drop-shadow-lg\"\u001b[39m\n            \u001b[36m>\u001b[39m\n              \u001b[0mTest Title 1\u001b[0m\n            \u001b[36m</h1>\u001b[39m\n            \u001b[36m<p\u001b[39m\n              \u001b[33mclass\u001b[39m=\u001b[32m\"text-base md:text-lg lg:text-xl text-white/90 max-w-2xl mb-6 text-balance drop-shadow-md\"\u001b[39m\n            \u001b[36m>\u001b[39m\n              \u001b[0mSubtitle 1\u001b[0m\n            \u001b[36m</p>\u001b[39m\n            \u001b[36m<a\u001b[39m\n              \u001b[33mclass\u001b[39m=\u001b[32m\"px-5 py-2.5 md:px-6 md:py-3 text-base md:text-lg font-medium rounded-full bg-white hover:bg-white/90 text-blue-600 hover:text-blue-700 transition-all duration-300 shadow-lg hover:shadow-xl\"\u001b[39m\n              \u001b[33mhref\u001b[39m=\u001b[32m\"/test1\"\u001b[39m\n            \u001b[36m>\u001b[39m\n              \u001b[0mLearn More\u001b[0m\n            \u001b[36m</a>\u001b[39m\n          \u001b[36m</div>\u001b[39m\n        \u001b[36m</div>\u001b[39m\n        \u001b[36m<div\u001b[39m\n          \u001b[33mclass\u001b[39m=\u001b[32m\"absolute inset-0 transition-opacity duration-750 opacity-0 pointer-events-none\"\u001b[39m\n        \u001b[36m>\u001b[39m\n          \u001b[36m<div\u001b[39m\n            \u001b[33mclass\u001b[39m=\u001b[32m\"absolute inset-0\"\u001b[39m\n          \u001b[36m>\u001b[39m\n            \u001b[36m<video\u001b[39m\n              \u001b[33mautoplay\u001b[39m=\u001b[32m\"\"\u001b[39m\n              \u001b[33mclass\u001b[39m=\u001b[32m\"absolute inset-0 w-full h-full object-cover\"\u001b[39m\n              \u001b[33mloop\u001b[39m=\u001b[32m\"\"\u001b[39m\n              \u001b[33mplaysinline\u001b[39m=\u001b[32m\"\"\u001b[39m\n              \u001b[33msrc\u001b[39m=\u001b[32m\"/test.mp4\"\u001b[39m\n            \u001b[36m/>\u001b[39m\n            \u001b[36m<div\u001b[39m\n              \u001b[33mclass\u001b[39m=\u001b[32m\"absolute inset-0 bg-black/30 backdrop-brightness-90\"\u001b[39m\n            \u001b[36m/>\u001b[39m\n          \u001b[36m</div>\u001b[39m\n          \u001b[36m<div\u001b[39m\n            \u001b[33mclass\u001b[39m=\u001b[32m\"relative h-full flex flex-col justify-center items-center text-center px-4 md:px-8 max-w-7xl mx-auto\"\u001b[39m\n          \u001b[36m>\u001b[39m\n            \u001b[36m<h1\u001b[39m\n              \u001b[33mclass\u001b[39m=\u001b[32m\"text-3xl md:text-5xl lg:text-6xl font-bold text-white mb-3 md:mb-4 max-w-4xl text-balance drop-shadow-lg\"\u001b[39m\n            \u001b[36m>\u001b[39m\n              \u001b[0mTest Title 2\u001b[0m\n            \u001b[36m</h1>\u001b[39m\n            \u001b[36m<p\u001b[39m\n              \u001b[33mclass\u001b[39m=\u001b[32m\"text-base md:text-lg lg:text-xl text-white/90 max-w-2xl mb-6 text-balance drop-shadow-md\"\u001b[39m\n            \u001b[36m>\u001b[39m\n              \u001b[0mSubtitle 2\u001b[0m\n            \u001b[36m</p>\u001b[39m\n          \u001b[36m</div>\u001b[39m\n        \u001b[36m</div>\u001b[39m\n      \u001b[36m</div>\u001b[39m\n      \u001b[36m<div\u001b[39m\n        \u001b[33mclass\u001b[39m=\u001b[32m\"absolute inset-x-4 top-1/2 -translate-y-1/2 flex justify-between pointer-events-none opacity-0 group-hover:opacity-100 transition-opacity duration-300\"\u001b[39m\n      \u001b[36m>\u001b[39m\n        \u001b[36m<button\u001b[39m\n          \u001b[33maria-label\u001b[39m=\u001b[32m\"Előző slide\"\u001b[39m\n          \u001b[33mclass\u001b[39m=\u001b[32m\"pointer-events-auto p-2 rounded-full bg-black/20 hover:bg-black/40 text-white transition-all duration-300 backdrop-blur-sm transform hover:scale-110\"\u001b[39m\n        \u001b[36m>\u001b[39m\n          \u001b[36m<svg\u001b[39m\n            \u001b[33mclass\u001b[39m=\u001b[32m\"lucide lucide-chevron-left w-5 h-5\"\u001b[39m\n            \u001b[33mfill\u001b[39m=\u001b[32m\"none\"\u001b[39m\n            \u001b[33mheight\u001b[39m=\u001b[32m\"24\"\u001b[39m\n            \u001b[33mstroke\u001b[39m=\u001b[32m\"currentColor\"\u001b[39m\n            \u001b[33mstroke-linecap\u001b[39m=\u001b[32m\"round\"\u001b[39m\n            \u001b[33mstroke-linejoin\u001b[39m=\u001b[32m\"round\"\u001b[39m\n            \u001b[33mstroke-width\u001b[39m=\u001b[32m\"2\"\u001b[39m\n            \u001b[33mviewBox\u001b[39m=\u001b[32m\"0 0 24 24\"\u001b[39m\n            \u001b[33mwidth\u001b[39m=\u001b[32m\"24\"\u001b[39m\n            \u001b[33mxmlns\u001b[39m=\u001b[32m\"http://www.w3.org/2000/svg\"\u001b[39m\n          \u001b[36m>\u001b[39m\n            \u001b[36m<path\u001b[39m\n              \u001b[33md\u001b[39m=\u001b[32m\"m15 18-6-6 6-6\"\u001b[39m\n            \u001b[36m/>\u001b[39m\n          \u001b[36m</svg>\u001b[39m\n        \u001b[36m</button>\u001b[39m\n        \u001b[36m<button\u001b[39m\n          \u001b[33maria-label\u001b[39m=\u001b[32m\"Következő slide\"\u001b[39m\n          \u001b[33mclass\u001b[39m=\u001b[32m\"pointer-events-auto p-2 rounded-full bg-black/20 hover:bg-black/40 text-white transition-all duration-300 backdrop-blur-sm transform hover:scale-110\"\u001b[39m\n        \u001b[36m>\u001b[39m\n          \u001b[36m<svg\u001b[39m\n            \u001b[33mclass\u001b[39m=\u001b[32m\"lucide lucide-chevron-right w-5 h-5\"\u001b[39m\n            \u001b[33mfill\u001b[39m=\u001b[32m\"none\"\u001b[39m\n            \u001b[33mheight\u001b[39m=\u001b[32m\"24\"\u001b[39m\n            \u001b[33mstroke\u001b[39m=\u001b[32m\"currentColor\"\u001b[39m\n            \u001b[33mstroke-linecap\u001b[39m=\u001b[32m\"round\"\u001b[39m\n            \u001b[33mstroke-linejoin\u001b[39m=\u001b[32m\"round\"\u001b[39m\n            \u001b[33mstroke-width\u001b[39m=\u001b[32m\"2\"\u001b[39m\n            \u001b[33mviewBox\u001b[39m=\u001b[32m\"0 0 24 24\"\u001b[39m\n            \u001b[33mwidth\u001b[39m=\u001b[32m\"24\"\u001b[39m\n            \u001b[33mxmlns\u001b[39m=\u001b[32m\"http://www.w3.org/2000/svg\"\u001b[39m\n          \u001b[36m>\u001b[39m\n            \u001b[36m<path\u001b[39m\n              \u001b[33md\u001b[39m=\u001b[32m\"m9 18 6-6-6-6\"\u001b[39m\n            \u001b[36m/>\u001b[39m\n          \u001b[36m</svg>\u001b[39m\n        \u001b[36m</button>\u001b[39m\n      \u001b[36m</div>\u001b[39m\n      \u001b[36m<div\u001b[39m\n        \u001b[33mclass\u001b[39m=\u001b[32m\"absolute bottom-4 left-1/2 -translate-x-1/2 flex space-x-1.5\"\u001b[39m\n      \u001b[36m>\u001b[39m\n        \u001b[36m<button\u001b[39m\n          \u001b[33maria-label\u001b[39m=\u001b[32m\"1. slide\"\u001b[39m\n          \u001b[33mclass\u001b[39m=\u001b[32m\"w-1.5 h-1.5 rounded-full transition-all duration-300 w-4 bg-white\"\u001b[39m\n        \u001b[36m/>\u001b[39m\n        \u001b[36m<button\u001b[39m\n          \u001b[33maria-label\u001b[39m=\u001b[32m\"2. slide\"\u001b[39m\n          \u001b[33mclass\u001b[39m=\u001b[32m\"w-1.5 h-1.5 rounded-full transition-all duration-300 bg-white/50 hover:bg-white/70\"\u001b[39m\n        \u001b[36m/>\u001b[39m\n      \u001b[36m</div>\u001b[39m\n    \u001b[36m</div>\u001b[39m\n  \u001b[36m</div>\u001b[39m\n\u001b[36m</body>\u001b[39m\n    at Object.getElementError (/Users/lovas.zoltan/Seafile/Saját kötet/Me, Myself and I/webpage/lovas-political-site/node_modules/@testing-library/dom/dist/config.js:37:19)\n    at /Users/lovas.zoltan/Seafile/Saját kötet/Me, Myself and I/webpage/lovas-political-site/node_modules/@testing-library/dom/dist/query-helpers.js:76:38\n    at /Users/lovas.zoltan/Seafile/Saját kötet/Me, Myself and I/webpage/lovas-political-site/node_modules/@testing-library/dom/dist/query-helpers.js:52:17\n    at /Users/lovas.zoltan/Seafile/Saját kötet/Me, Myself and I/webpage/lovas-political-site/node_modules/@testing-library/dom/dist/query-helpers.js:95:19\n    at Object.getByTestId (/Users/lovas.zoltan/Seafile/Saját kötet/Me, Myself and I/webpage/lovas-political-site/__tests__/components/slider/HeroSlider.test.tsx:74:27)\n    at Promise.then.completed (/Users/lovas.zoltan/Seafile/Saját kötet/Me, Myself and I/webpage/lovas-political-site/node_modules/jest-circus/build/utils.js:298:28)\n    at new Promise (<anonymous>)\n    at callAsyncCircusFn (/Users/lovas.zoltan/Seafile/Saját kötet/Me, Myself and I/webpage/lovas-political-site/node_modules/jest-circus/build/utils.js:231:10)\n    at _callCircusTest (/Users/lovas.zoltan/Seafile/Saját kötet/Me, Myself and I/webpage/lovas-political-site/node_modules/jest-circus/build/run.js:316:40)\n    at processTicksAndRejections (node:internal/process/task_queues:95:5)\n    at _runTest (/Users/lovas.zoltan/Seafile/Saját kötet/Me, Myself and I/webpage/lovas-political-site/node_modules/jest-circus/build/run.js:252:3)\n    at _runTestsForDescribeBlock (/Users/lovas.zoltan/Seafile/Saját kötet/Me, Myself and I/webpage/lovas-political-site/node_modules/jest-circus/build/run.js:126:9)\n    at _runTestsForDescribeBlock (/Users/lovas.zoltan/Seafile/Saját kötet/Me, Myself and I/webpage/lovas-political-site/node_modules/jest-circus/build/run.js:121:9)\n    at run (/Users/lovas.zoltan/Seafile/Saját kötet/Me, Myself and I/webpage/lovas-political-site/node_modules/jest-circus/build/run.js:71:3)\n    at runAndTransformResultsToJestFormat (/Users/lovas.zoltan/Seafile/Saját kötet/Me, Myself and I/webpage/lovas-political-site/node_modules/jest-circus/build/legacy-code-todo-rewrite/jestAdapterInit.js:122:21)\n    at jestAdapter (/Users/lovas.zoltan/Seafile/Saját kötet/Me, Myself and I/webpage/lovas-political-site/node_modules/jest-circus/build/legacy-code-todo-rewrite/jestAdapter.js:79:19)\n    at runTestInternal (/Users/lovas.zoltan/Seafile/Saját kötet/Me, Myself and I/webpage/lovas-political-site/node_modules/jest-runner/build/runTest.js:367:16)\n    at runTest (/Users/lovas.zoltan/Seafile/Saját kötet/Me, Myself and I/webpage/lovas-political-site/node_modules/jest-runner/build/runTest.js:444:34)"],"fullName":"HeroSlider pauses autoplay on hover","invocations":1,"location":null,"numPassingAsserts":0,"retryReasons":[],"status":"failed","title":"pauses autoplay on hover"},{"ancestorTitles":["HeroSlider"],"duration":84,"failureDetails":[{"matcherResult":{"message":"\u001b[2mexpect(\u001b[22m\u001b[31mreceived\u001b[39m\u001b[2m).\u001b[22mtoHaveLength\u001b[2m(\u001b[22m\u001b[32mexpected\u001b[39m\u001b[2m)\u001b[22m\n\nExpected length: \u001b[32m2\u001b[39m\nReceived length: \u001b[31m4\u001b[39m\nReceived array:  \u001b[31m[<button aria-label=\"Előző slide\" class=\"pointer-events-auto p-2 rounded-full bg-black/20 hover:bg-black/40 text-white transition-all duration-300 backdrop-blur-sm transform hover:scale-110\"><svg class=\"lucide lucide-chevron-left w-5 h-5\" fill=\"none\" height=\"24\" stroke=\"currentColor\" stroke-linecap=\"round\" stroke-linejoin=\"round\" stroke-width=\"2\" viewBox=\"0 0 24 24\" width=\"24\" xmlns=\"http://www.w3.org/2000/svg\"><path d=\"m15 18-6-6 6-6\" /></svg></button>, <button aria-label=\"Következő slide\" class=\"pointer-events-auto p-2 rounded-full bg-black/20 hover:bg-black/40 text-white transition-all duration-300 backdrop-blur-sm transform hover:scale-110\"><svg class=\"lucide lucide-chevron-right w-5 h-5\" fill=\"none\" height=\"24\" stroke=\"currentColor\" stroke-linecap=\"round\" stroke-linejoin=\"round\" stroke-width=\"2\" viewBox=\"0 0 24 24\" width=\"24\" xmlns=\"http://www.w3.org/2000/svg\"><path d=\"m9 18 6-6-6-6\" /></svg></button>, <button aria-label=\"1. slide\" class=\"w-1.5 h-1.5 rounded-full transition-all duration-300 w-4 bg-white\" />, <button aria-label=\"2. slide\" class=\"w-1.5 h-1.5 rounded-full transition-all duration-300 bg-white/50 hover:bg-white/70\" />]\u001b[39m","pass":false}}],"failureMessages":["Error: \u001b[2mexpect(\u001b[22m\u001b[31mreceived\u001b[39m\u001b[2m).\u001b[22mtoHaveLength\u001b[2m(\u001b[22m\u001b[32mexpected\u001b[39m\u001b[2m)\u001b[22m\n\nExpected length: \u001b[32m2\u001b[39m\nReceived length: \u001b[31m4\u001b[39m\nReceived array:  \u001b[31m[<button aria-label=\"Előző slide\" class=\"pointer-events-auto p-2 rounded-full bg-black/20 hover:bg-black/40 text-white transition-all duration-300 backdrop-blur-sm transform hover:scale-110\"><svg class=\"lucide lucide-chevron-left w-5 h-5\" fill=\"none\" height=\"24\" stroke=\"currentColor\" stroke-linecap=\"round\" stroke-linejoin=\"round\" stroke-width=\"2\" viewBox=\"0 0 24 24\" width=\"24\" xmlns=\"http://www.w3.org/2000/svg\"><path d=\"m15 18-6-6 6-6\" /></svg></button>, <button aria-label=\"Következő slide\" class=\"pointer-events-auto p-2 rounded-full bg-black/20 hover:bg-black/40 text-white transition-all duration-300 backdrop-blur-sm transform hover:scale-110\"><svg class=\"lucide lucide-chevron-right w-5 h-5\" fill=\"none\" height=\"24\" stroke=\"currentColor\" stroke-linecap=\"round\" stroke-linejoin=\"round\" stroke-width=\"2\" viewBox=\"0 0 24 24\" width=\"24\" xmlns=\"http://www.w3.org/2000/svg\"><path d=\"m9 18 6-6-6-6\" /></svg></button>, <button aria-label=\"1. slide\" class=\"w-1.5 h-1.5 rounded-full transition-all duration-300 w-4 bg-white\" />, <button aria-label=\"2. slide\" class=\"w-1.5 h-1.5 rounded-full transition-all duration-300 bg-white/50 hover:bg-white/70\" />]\u001b[39m\n    at Object.toHaveLength (/Users/lovas.zoltan/Seafile/Saját kötet/Me, Myself and I/webpage/lovas-political-site/__tests__/components/slider/HeroSlider.test.tsx:87:24)\n    at Promise.then.completed (/Users/lovas.zoltan/Seafile/Saját kötet/Me, Myself and I/webpage/lovas-political-site/node_modules/jest-circus/build/utils.js:298:28)\n    at new Promise (<anonymous>)\n    at callAsyncCircusFn (/Users/lovas.zoltan/Seafile/Saját kötet/Me, Myself and I/webpage/lovas-political-site/node_modules/jest-circus/build/utils.js:231:10)\n    at _callCircusTest (/Users/lovas.zoltan/Seafile/Saját kötet/Me, Myself and I/webpage/lovas-political-site/node_modules/jest-circus/build/run.js:316:40)\n    at processTicksAndRejections (node:internal/process/task_queues:95:5)\n    at _runTest (/Users/lovas.zoltan/Seafile/Saját kötet/Me, Myself and I/webpage/lovas-political-site/node_modules/jest-circus/build/run.js:252:3)\n    at _runTestsForDescribeBlock (/Users/lovas.zoltan/Seafile/Saját kötet/Me, Myself and I/webpage/lovas-political-site/node_modules/jest-circus/build/run.js:126:9)\n    at _runTestsForDescribeBlock (/Users/lovas.zoltan/Seafile/Saját kötet/Me, Myself and I/webpage/lovas-political-site/node_modules/jest-circus/build/run.js:121:9)\n    at run (/Users/lovas.zoltan/Seafile/Saját kötet/Me, Myself and I/webpage/lovas-political-site/node_modules/jest-circus/build/run.js:71:3)\n    at runAndTransformResultsToJestFormat (/Users/lovas.zoltan/Seafile/Saját kötet/Me, Myself and I/webpage/lovas-political-site/node_modules/jest-circus/build/legacy-code-todo-rewrite/jestAdapterInit.js:122:21)\n    at jestAdapter (/Users/lovas.zoltan/Seafile/Saját kötet/Me, Myself and I/webpage/lovas-political-site/node_modules/jest-circus/build/legacy-code-todo-rewrite/jestAdapter.js:79:19)\n    at runTestInternal (/Users/lovas.zoltan/Seafile/Saját kötet/Me, Myself and I/webpage/lovas-political-site/node_modules/jest-runner/build/runTest.js:367:16)\n    at runTest (/Users/lovas.zoltan/Seafile/Saját kötet/Me, Myself and I/webpage/lovas-political-site/node_modules/jest-runner/build/runTest.js:444:34)"],"fullName":"HeroSlider renders slide indicators","invocations":1,"location":null,"numPassingAsserts":0,"retryReasons":[],"status":"failed","title":"renders slide indicators"}],"endTime":1739700979115,"message":"\u001b[1m\u001b[31m  \u001b[1m● \u001b[22m\u001b[1mHeroSlider › navigates with arrow buttons\u001b[39m\u001b[22m\n\n    TypeError: Cannot read properties of undefined (reading 'catch')\n\u001b[2m\u001b[22m\n\u001b[2m    \u001b[0m \u001b[90m 54 |\u001b[39m         \u001b[36mconst\u001b[39m video \u001b[33m=\u001b[39m videoRefs\u001b[33m.\u001b[39mcurrent[slide\u001b[33m.\u001b[39mid]\u001b[33m;\u001b[39m\u001b[22m\n\u001b[2m     \u001b[90m 55 |\u001b[39m         \u001b[36mif\u001b[39m (index \u001b[33m===\u001b[39m currentIndex) {\u001b[22m\n\u001b[2m    \u001b[31m\u001b[1m>\u001b[22m\u001b[2m\u001b[39m\u001b[90m 56 |\u001b[39m           video\u001b[33m?\u001b[39m\u001b[33m.\u001b[39mplay()\u001b[33m.\u001b[39m\u001b[36mcatch\u001b[39m(() \u001b[33m=>\u001b[39m {\u001b[22m\n\u001b[2m     \u001b[90m    |\u001b[39m                  \u001b[31m\u001b[1m^\u001b[22m\u001b[2m\u001b[39m\u001b[22m\n\u001b[2m     \u001b[90m 57 |\u001b[39m             \u001b[90m// Automata lejátszás blokkolva - silent fail\u001b[39m\u001b[22m\n\u001b[2m     \u001b[90m 58 |\u001b[39m           })\u001b[33m;\u001b[39m\u001b[22m\n\u001b[2m     \u001b[90m 59 |\u001b[39m         } \u001b[36melse\u001b[39m {\u001b[0m\u001b[22m\n\u001b[2m\u001b[22m\n\u001b[2m      \u001b[2mat play (\u001b[22m\u001b[2msrc/components/slider/HeroSlider.tsx\u001b[2m:56:18)\u001b[22m\u001b[2m\u001b[22m\n\u001b[2m          at Array.forEach (<anonymous>)\u001b[22m\n\u001b[2m      \u001b[2mat forEach (\u001b[22m\u001b[2msrc/components/slider/HeroSlider.tsx\u001b[2m:52:12)\u001b[22m\u001b[2m\u001b[22m\n\u001b[2m      \u001b[2mat commitHookEffectListMount (\u001b[22m\u001b[2mnode_modules/react-dom/cjs/react-dom.development.js\u001b[2m:23189:26)\u001b[22m\u001b[2m\u001b[22m\n\u001b[2m      \u001b[2mat commitPassiveMountOnFiber (\u001b[22m\u001b[2mnode_modules/react-dom/cjs/react-dom.development.js\u001b[2m:24970:11)\u001b[22m\u001b[2m\u001b[22m\n\u001b[2m      \u001b[2mat commitPassiveMountEffects_complete (\u001b[22m\u001b[2mnode_modules/react-dom/cjs/react-dom.development.js\u001b[2m:24930:9)\u001b[22m\u001b[2m\u001b[22m\n\u001b[2m      \u001b[2mat commitPassiveMountEffects_begin (\u001b[22m\u001b[2mnode_modules/react-dom/cjs/react-dom.development.js\u001b[2m:24917:7)\u001b[22m\u001b[2m\u001b[22m\n\u001b[2m      \u001b[2mat commitPassiveMountEffects (\u001b[22m\u001b[2mnode_modules/react-dom/cjs/react-dom.development.js\u001b[2m:24905:3)\u001b[22m\u001b[2m\u001b[22m\n\u001b[2m      \u001b[2mat flushPassiveEffectsImpl (\u001b[22m\u001b[2mnode_modules/react-dom/cjs/react-dom.development.js\u001b[2m:27078:3)\u001b[22m\u001b[2m\u001b[22m\n\u001b[2m      \u001b[2mat flushPassiveEffects (\u001b[22m\u001b[2mnode_modules/react-dom/cjs/react-dom.development.js\u001b[2m:27023:14)\u001b[22m\u001b[2m\u001b[22m\n\u001b[2m      \u001b[2mat commitRootImpl (\u001b[22m\u001b[2mnode_modules/react-dom/cjs/react-dom.development.js\u001b[2m:26974:5)\u001b[22m\u001b[2m\u001b[22m\n\u001b[2m      \u001b[2mat commitRoot (\u001b[22m\u001b[2mnode_modules/react-dom/cjs/react-dom.development.js\u001b[2m:26721:5)\u001b[22m\u001b[2m\u001b[22m\n\u001b[2m      \u001b[2mat performSyncWorkOnRoot (\u001b[22m\u001b[2mnode_modules/react-dom/cjs/react-dom.development.js\u001b[2m:26156:3)\u001b[22m\u001b[2m\u001b[22m\n\u001b[2m      \u001b[2mat flushSyncCallbacks (\u001b[22m\u001b[2mnode_modules/react-dom/cjs/react-dom.development.js\u001b[2m:12042:22)\u001b[22m\u001b[2m\u001b[22m\n\u001b[2m      \u001b[2mat flushActQueue (\u001b[22m\u001b[2mnode_modules/react/cjs/react.development.js\u001b[2m:2667:24)\u001b[22m\u001b[2m\u001b[22m\n\u001b[2m      \u001b[2mat act (\u001b[22m\u001b[2mnode_modules/react/cjs/react.development.js\u001b[2m:2582:11)\u001b[22m\u001b[2m\u001b[22m\n\u001b[2m      \u001b[2mat \u001b[22m\u001b[2mnode_modules/@testing-library/react/dist/act-compat.js\u001b[2m:47:25\u001b[22m\u001b[2m\u001b[22m\n\u001b[2m      \u001b[2mat Object.eventWrapper (\u001b[22m\u001b[2mnode_modules/@testing-library/react/dist/pure.js\u001b[2m:107:28)\u001b[22m\u001b[2m\u001b[22m\n\u001b[2m      \u001b[2mat fireEvent (\u001b[22m\u001b[2mnode_modules/@testing-library/dom/dist/events.js\u001b[2m:12:35)\u001b[22m\u001b[2m\u001b[22m\n\u001b[2m      \u001b[2mat Function.fireEvent.<computed> [as click] (\u001b[22m\u001b[2mnode_modules/@testing-library/dom/dist/events.js\u001b[2m:110:36)\u001b[22m\u001b[2m\u001b[22m\n\u001b[2m      \u001b[2mat Function.fireEvent.<computed> [as click] (\u001b[22m\u001b[2mnode_modules/@testing-library/react/dist/fire-event.js\u001b[2m:15:52)\u001b[22m\u001b[2m\u001b[22m\n\u001b[2m      \u001b[2mat Object.click (\u001b[22m\u001b[2m\u001b[0m\u001b[36m__tests__/components/slider/HeroSlider.test.tsx\u001b[39m\u001b[0m\u001b[2m:53:15)\u001b[22m\u001b[2m\u001b[22m\n\n\u001b[1m\u001b[31m  \u001b[1m● \u001b[22m\u001b[1mHeroSlider › handles touch swipe navigation\u001b[39m\u001b[22m\n\n    TestingLibraryElementError: Unable to find an element by: [data-testid=\"slider\"]\n\n    Ignored nodes: comments, script, style\n    \u001b[36m<body>\u001b[39m\n      \u001b[36m<div>\u001b[39m\n        \u001b[36m<div\u001b[39m\n          \u001b[33mclass\u001b[39m=\u001b[32m\"relative w-full aspect-[21/9] max-h-[60vh] overflow-hidden bg-gray-900 group\"\u001b[39m\n        \u001b[36m>\u001b[39m\n          \u001b[36m<div\u001b[39m\n            \u001b[33mclass\u001b[39m=\u001b[32m\"relative w-full h-full\"\u001b[39m\n          \u001b[36m>\u001b[39m\n            \u001b[36m<div\u001b[39m\n              \u001b[33mclass\u001b[39m=\u001b[32m\"absolute inset-0 transition-opacity duration-750 opacity-100\"\u001b[39m\n            \u001b[36m>\u001b[39m\n              \u001b[36m<div\u001b[39m\n                \u001b[33mclass\u001b[39m=\u001b[32m\"absolute inset-0\"\u001b[39m\n              \u001b[36m>\u001b[39m\n                \u001b[36m<div\u001b[39m\n                  \u001b[33mclass\u001b[39m=\u001b[32m\"absolute inset-0 bg-cover bg-center transition-transform duration-[2000ms] hover:scale-105\"\u001b[39m\n                  \u001b[33mstyle\u001b[39m=\u001b[32m\"background-image: url(/test1.jpg); transform: scale(1.0);\"\u001b[39m\n                \u001b[36m/>\u001b[39m\n                \u001b[36m<div\u001b[39m\n                  \u001b[33mclass\u001b[39m=\u001b[32m\"absolute inset-0 bg-black/50 backdrop-brightness-75\"\u001b[39m\n                \u001b[36m/>\u001b[39m\n              \u001b[36m</div>\u001b[39m\n              \u001b[36m<div\u001b[39m\n                \u001b[33mclass\u001b[39m=\u001b[32m\"relative h-full flex flex-col justify-center items-center text-center px-4 md:px-8 max-w-7xl mx-auto\"\u001b[39m\n              \u001b[36m>\u001b[39m\n                \u001b[36m<h1\u001b[39m\n                  \u001b[33mclass\u001b[39m=\u001b[32m\"text-3xl md:text-5xl lg:text-6xl font-bold text-white mb-3 md:mb-4 max-w-4xl text-balance drop-shadow-lg\"\u001b[39m\n                \u001b[36m>\u001b[39m\n                  \u001b[0mTest Title 1\u001b[0m\n                \u001b[36m</h1>\u001b[39m\n                \u001b[36m<p\u001b[39m\n                  \u001b[33mclass\u001b[39m=\u001b[32m\"text-base md:text-lg lg:text-xl text-white/90 max-w-2xl mb-6 text-balance drop-shadow-md\"\u001b[39m\n                \u001b[36m>\u001b[39m\n                  \u001b[0mSubtitle 1\u001b[0m\n                \u001b[36m</p>\u001b[39m\n                \u001b[36m<a\u001b[39m\n                  \u001b[33mclass\u001b[39m=\u001b[32m\"px-5 py-2.5 md:px-6 md:py-3 text-base md:text-lg font-medium rounded-full bg-white hover:bg-white/90 text-blue-600 hover:text-blue-700 transition-all duration-300 shadow-lg hover:shadow-xl\"\u001b[39m\n                  \u001b[33mhref\u001b[39m=\u001b[32m\"/test1\"\u001b[39m\n                \u001b[36m>\u001b[39m\n                  \u001b[0mLearn More\u001b[0m\n                \u001b[36m</a>\u001b[39m\n              \u001b[36m</div>\u001b[39m\n            \u001b[36m</div>\u001b[39m\n            \u001b[36m<div\u001b[39m\n              \u001b[33mclass\u001b[39m=\u001b[32m\"absolute inset-0 transition-opacity duration-750 opacity-0 pointer-events-none\"\u001b[39m\n            \u001b[36m>\u001b[39m\n              \u001b[36m<div\u001b[39m\n                \u001b[33mclass\u001b[39m=\u001b[32m\"absolute inset-0\"\u001b[39m\n              \u001b[36m>\u001b[39m\n                \u001b[36m<video\u001b[39m\n                  \u001b[33mautoplay\u001b[39m=\u001b[32m\"\"\u001b[39m\n                  \u001b[33mclass\u001b[39m=\u001b[32m\"absolute inset-0 w-full h-full object-cover\"\u001b[39m\n                  \u001b[33mloop\u001b[39m=\u001b[32m\"\"\u001b[39m\n                  \u001b[33mplaysinline\u001b[39m=\u001b[32m\"\"\u001b[39m\n                  \u001b[33msrc\u001b[39m=\u001b[32m\"/test.mp4\"\u001b[39m\n                \u001b[36m/>\u001b[39m\n                \u001b[36m<div\u001b[39m\n                  \u001b[33mclass\u001b[39m=\u001b[32m\"absolute inset-0 bg-black/30 backdrop-brightness-90\"\u001b[39m\n                \u001b[36m/>\u001b[39m\n              \u001b[36m</div>\u001b[39m\n              \u001b[36m<div\u001b[39m\n                \u001b[33mclass\u001b[39m=\u001b[32m\"relative h-full flex flex-col justify-center items-center text-center px-4 md:px-8 max-w-7xl mx-auto\"\u001b[39m\n              \u001b[36m>\u001b[39m\n                \u001b[36m<h1\u001b[39m\n                  \u001b[33mclass\u001b[39m=\u001b[32m\"text-3xl md:text-5xl lg:text-6xl font-bold text-white mb-3 md:mb-4 max-w-4xl text-balance drop-shadow-lg\"\u001b[39m\n                \u001b[36m>\u001b[39m\n                  \u001b[0mTest Title 2\u001b[0m\n                \u001b[36m</h1>\u001b[39m\n                \u001b[36m<p\u001b[39m\n                  \u001b[33mclass\u001b[39m=\u001b[32m\"text-base md:text-lg lg:text-xl text-white/90 max-w-2xl mb-6 text-balance drop-shadow-md\"\u001b[39m\n                \u001b[36m>\u001b[39m\n                  \u001b[0mSubtitle 2\u001b[0m\n                \u001b[36m</p>\u001b[39m\n              \u001b[36m</div>\u001b[39m\n            \u001b[36m</div>\u001b[39m\n          \u001b[36m</div>\u001b[39m\n          \u001b[36m<div\u001b[39m\n            \u001b[33mclass\u001b[39m=\u001b[32m\"absolute inset-x-4 top-1/2 -translate-y-1/2 flex justify-between pointer-events-none opacity-0 group-hover:opacity-100 transition-opacity duration-300\"\u001b[39m\n          \u001b[36m>\u001b[39m\n            \u001b[36m<button\u001b[39m\n              \u001b[33maria-label\u001b[39m=\u001b[32m\"Előző slide\"\u001b[39m\n              \u001b[33mclass\u001b[39m=\u001b[32m\"pointer-events-auto p-2 rounded-full bg-black/20 hover:bg-black/40 text-white transition-all duration-300 backdrop-blur-sm transform hover:scale-110\"\u001b[39m\n            \u001b[36m>\u001b[39m\n              \u001b[36m<svg\u001b[39m\n                \u001b[33mclass\u001b[39m=\u001b[32m\"lucide lucide-chevron-left w-5 h-5\"\u001b[39m\n                \u001b[33mfill\u001b[39m=\u001b[32m\"none\"\u001b[39m\n                \u001b[33mheight\u001b[39m=\u001b[32m\"24\"\u001b[39m\n                \u001b[33mstroke\u001b[39m=\u001b[32m\"currentColor\"\u001b[39m\n                \u001b[33mstroke-linecap\u001b[39m=\u001b[32m\"round\"\u001b[39m\n                \u001b[33mstroke-linejoin\u001b[39m=\u001b[32m\"round\"\u001b[39m\n                \u001b[33mstroke-width\u001b[39m=\u001b[32m\"2\"\u001b[39m\n                \u001b[33mviewBox\u001b[39m=\u001b[32m\"0 0 24 24\"\u001b[39m\n                \u001b[33mwidth\u001b[39m=\u001b[32m\"24\"\u001b[39m\n                \u001b[33mxmlns\u001b[39m=\u001b[32m\"http://www.w3.org/2000/svg\"\u001b[39m\n              \u001b[36m>\u001b[39m\n                \u001b[36m<path\u001b[39m\n                  \u001b[33md\u001b[39m=\u001b[32m\"m15 18-6-6 6-6\"\u001b[39m\n                \u001b[36m/>\u001b[39m\n              \u001b[36m</svg>\u001b[39m\n            \u001b[36m</button>\u001b[39m\n            \u001b[36m<button\u001b[39m\n              \u001b[33maria-label\u001b[39m=\u001b[32m\"Következő slide\"\u001b[39m\n              \u001b[33mclass\u001b[39m=\u001b[32m\"pointer-events-auto p-2 rounded-full bg-black/20 hover:bg-black/40 text-white transition-all duration-300 backdrop-blur-sm transform hover:scale-110\"\u001b[39m\n            \u001b[36m>\u001b[39m\n              \u001b[36m<svg\u001b[39m\n                \u001b[33mclass\u001b[39m=\u001b[32m\"lucide lucide-chevron-right w-5 h-5\"\u001b[39m\n                \u001b[33mfill\u001b[39m=\u001b[32m\"none\"\u001b[39m\n                \u001b[33mheight\u001b[39m=\u001b[32m\"24\"\u001b[39m\n                \u001b[33mstroke\u001b[39m=\u001b[32m\"currentColor\"\u001b[39m\n                \u001b[33mstroke-linecap\u001b[39m=\u001b[32m\"round\"\u001b[39m\n                \u001b[33mstroke-linejoin\u001b[39m=\u001b[32m\"round\"\u001b[39m\n                \u001b[33mstroke-width\u001b[39m=\u001b[32m\"2\"\u001b[39m\n                \u001b[33mviewBox\u001b[39m=\u001b[32m\"0 0 24 24\"\u001b[39m\n                \u001b[33mwidth\u001b[39m=\u001b[32m\"24\"\u001b[39m\n                \u001b[33mxmlns\u001b[39m=\u001b[32m\"http://www.w3.org/2000/svg\"\u001b[39m\n              \u001b[36m>\u001b[39m\n                \u001b[36m<path\u001b[39m\n                  \u001b[33md\u001b[39m=\u001b[32m\"m9 18 6-6-6-6\"\u001b[39m\n                \u001b[36m/>\u001b[39m\n              \u001b[36m</svg>\u001b[39m\n            \u001b[36m</button>\u001b[39m\n          \u001b[36m</div>\u001b[39m\n          \u001b[36m<div\u001b[39m\n            \u001b[33mclass\u001b[39m=\u001b[32m\"absolute bottom-4 left-1/2 -translate-x-1/2 flex space-x-1.5\"\u001b[39m\n          \u001b[36m>\u001b[39m\n            \u001b[36m<button\u001b[39m\n              \u001b[33maria-label\u001b[39m=\u001b[32m\"1. slide\"\u001b[39m\n              \u001b[33mclass\u001b[39m=\u001b[32m\"w-1.5 h-1.5 rounded-full transition-all duration-300 w-4 bg-white\"\u001b[39m\n            \u001b[36m/>\u001b[39m\n            \u001b[36m<button\u001b[39m\n              \u001b[33maria-label\u001b[39m=\u001b[32m\"2. slide\"\u001b[39m\n              \u001b[33mclass\u001b[39m=\u001b[32m\"w-1.5 h-1.5 rounded-full transition-all duration-300 bg-white/50 hover:bg-white/70\"\u001b[39m\n            \u001b[36m/>\u001b[39m\n          \u001b[36m</div>\u001b[39m\n        \u001b[36m</div>\u001b[39m\n      \u001b[36m</div>\u001b[39m\n    \u001b[36m</body>\u001b[39m\n\u001b[2m\u001b[22m\n\u001b[2m    \u001b[0m \u001b[90m 61 |\u001b[39m   test(\u001b[32m\"handles touch swipe navigation\"\u001b[39m\u001b[33m,\u001b[39m () \u001b[33m=>\u001b[39m {\u001b[22m\n\u001b[2m     \u001b[90m 62 |\u001b[39m     render(\u001b[33m<\u001b[39m\u001b[33mHeroSlider\u001b[39m slides\u001b[33m=\u001b[39m{mockSlides} \u001b[33m/\u001b[39m\u001b[33m>\u001b[39m)\u001b[33m;\u001b[39m\u001b[22m\n\u001b[2m    \u001b[31m\u001b[1m>\u001b[22m\u001b[2m\u001b[39m\u001b[90m 63 |\u001b[39m     \u001b[36mconst\u001b[39m slider \u001b[33m=\u001b[39m screen\u001b[33m.\u001b[39mgetByTestId(\u001b[32m\"slider\"\u001b[39m)\u001b[33m;\u001b[39m\u001b[22m\n\u001b[2m     \u001b[90m    |\u001b[39m                           \u001b[31m\u001b[1m^\u001b[22m\u001b[2m\u001b[39m\u001b[22m\n\u001b[2m     \u001b[90m 64 |\u001b[39m\u001b[22m\n\u001b[2m     \u001b[90m 65 |\u001b[39m     fireEvent\u001b[33m.\u001b[39mtouchStart(slider\u001b[33m,\u001b[39m { touches\u001b[33m:\u001b[39m [{ clientX\u001b[33m:\u001b[39m \u001b[35m500\u001b[39m }] })\u001b[33m;\u001b[39m\u001b[22m\n\u001b[2m     \u001b[90m 66 |\u001b[39m     fireEvent\u001b[33m.\u001b[39mtouchMove(slider\u001b[33m,\u001b[39m { touches\u001b[33m:\u001b[39m [{ clientX\u001b[33m:\u001b[39m \u001b[35m200\u001b[39m }] })\u001b[33m;\u001b[39m\u001b[0m\u001b[22m\n\u001b[2m\u001b[22m\n\u001b[2m      \u001b[2mat Object.getElementError (\u001b[22m\u001b[2mnode_modules/@testing-library/dom/dist/config.js\u001b[2m:37:19)\u001b[22m\u001b[2m\u001b[22m\n\u001b[2m      \u001b[2mat \u001b[22m\u001b[2mnode_modules/@testing-library/dom/dist/query-helpers.js\u001b[2m:76:38\u001b[22m\u001b[2m\u001b[22m\n\u001b[2m      \u001b[2mat \u001b[22m\u001b[2mnode_modules/@testing-library/dom/dist/query-helpers.js\u001b[2m:52:17\u001b[22m\u001b[2m\u001b[22m\n\u001b[2m      \u001b[2mat \u001b[22m\u001b[2mnode_modules/@testing-library/dom/dist/query-helpers.js\u001b[2m:95:19\u001b[22m\u001b[2m\u001b[22m\n\u001b[2m      \u001b[2mat Object.getByTestId (\u001b[22m\u001b[2m\u001b[0m\u001b[36m__tests__/components/slider/HeroSlider.test.tsx\u001b[39m\u001b[0m\u001b[2m:63:27)\u001b[22m\u001b[2m\u001b[22m\n\n\u001b[1m\u001b[31m  \u001b[1m● \u001b[22m\u001b[1mHeroSlider › pauses autoplay on hover\u001b[39m\u001b[22m\n\n    TestingLibraryElementError: Unable to find an element by: [data-testid=\"slider\"]\n\n    Ignored nodes: comments, script, style\n    \u001b[36m<body>\u001b[39m\n      \u001b[36m<div>\u001b[39m\n        \u001b[36m<div\u001b[39m\n          \u001b[33mclass\u001b[39m=\u001b[32m\"relative w-full aspect-[21/9] max-h-[60vh] overflow-hidden bg-gray-900 group\"\u001b[39m\n        \u001b[36m>\u001b[39m\n          \u001b[36m<div\u001b[39m\n            \u001b[33mclass\u001b[39m=\u001b[32m\"relative w-full h-full\"\u001b[39m\n          \u001b[36m>\u001b[39m\n            \u001b[36m<div\u001b[39m\n              \u001b[33mclass\u001b[39m=\u001b[32m\"absolute inset-0 transition-opacity duration-750 opacity-100\"\u001b[39m\n            \u001b[36m>\u001b[39m\n              \u001b[36m<div\u001b[39m\n                \u001b[33mclass\u001b[39m=\u001b[32m\"absolute inset-0\"\u001b[39m\n              \u001b[36m>\u001b[39m\n                \u001b[36m<div\u001b[39m\n                  \u001b[33mclass\u001b[39m=\u001b[32m\"absolute inset-0 bg-cover bg-center transition-transform duration-[2000ms] hover:scale-105\"\u001b[39m\n                  \u001b[33mstyle\u001b[39m=\u001b[32m\"background-image: url(/test1.jpg); transform: scale(1.0);\"\u001b[39m\n                \u001b[36m/>\u001b[39m\n                \u001b[36m<div\u001b[39m\n                  \u001b[33mclass\u001b[39m=\u001b[32m\"absolute inset-0 bg-black/50 backdrop-brightness-75\"\u001b[39m\n                \u001b[36m/>\u001b[39m\n              \u001b[36m</div>\u001b[39m\n              \u001b[36m<div\u001b[39m\n                \u001b[33mclass\u001b[39m=\u001b[32m\"relative h-full flex flex-col justify-center items-center text-center px-4 md:px-8 max-w-7xl mx-auto\"\u001b[39m\n              \u001b[36m>\u001b[39m\n                \u001b[36m<h1\u001b[39m\n                  \u001b[33mclass\u001b[39m=\u001b[32m\"text-3xl md:text-5xl lg:text-6xl font-bold text-white mb-3 md:mb-4 max-w-4xl text-balance drop-shadow-lg\"\u001b[39m\n                \u001b[36m>\u001b[39m\n                  \u001b[0mTest Title 1\u001b[0m\n                \u001b[36m</h1>\u001b[39m\n                \u001b[36m<p\u001b[39m\n                  \u001b[33mclass\u001b[39m=\u001b[32m\"text-base md:text-lg lg:text-xl text-white/90 max-w-2xl mb-6 text-balance drop-shadow-md\"\u001b[39m\n                \u001b[36m>\u001b[39m\n                  \u001b[0mSubtitle 1\u001b[0m\n                \u001b[36m</p>\u001b[39m\n                \u001b[36m<a\u001b[39m\n                  \u001b[33mclass\u001b[39m=\u001b[32m\"px-5 py-2.5 md:px-6 md:py-3 text-base md:text-lg font-medium rounded-full bg-white hover:bg-white/90 text-blue-600 hover:text-blue-700 transition-all duration-300 shadow-lg hover:shadow-xl\"\u001b[39m\n                  \u001b[33mhref\u001b[39m=\u001b[32m\"/test1\"\u001b[39m\n                \u001b[36m>\u001b[39m\n                  \u001b[0mLearn More\u001b[0m\n                \u001b[36m</a>\u001b[39m\n              \u001b[36m</div>\u001b[39m\n            \u001b[36m</div>\u001b[39m\n            \u001b[36m<div\u001b[39m\n              \u001b[33mclass\u001b[39m=\u001b[32m\"absolute inset-0 transition-opacity duration-750 opacity-0 pointer-events-none\"\u001b[39m\n            \u001b[36m>\u001b[39m\n              \u001b[36m<div\u001b[39m\n                \u001b[33mclass\u001b[39m=\u001b[32m\"absolute inset-0\"\u001b[39m\n              \u001b[36m>\u001b[39m\n                \u001b[36m<video\u001b[39m\n                  \u001b[33mautoplay\u001b[39m=\u001b[32m\"\"\u001b[39m\n                  \u001b[33mclass\u001b[39m=\u001b[32m\"absolute inset-0 w-full h-full object-cover\"\u001b[39m\n                  \u001b[33mloop\u001b[39m=\u001b[32m\"\"\u001b[39m\n                  \u001b[33mplaysinline\u001b[39m=\u001b[32m\"\"\u001b[39m\n                  \u001b[33msrc\u001b[39m=\u001b[32m\"/test.mp4\"\u001b[39m\n                \u001b[36m/>\u001b[39m\n                \u001b[36m<div\u001b[39m\n                  \u001b[33mclass\u001b[39m=\u001b[32m\"absolute inset-0 bg-black/30 backdrop-brightness-90\"\u001b[39m\n                \u001b[36m/>\u001b[39m\n              \u001b[36m</div>\u001b[39m\n              \u001b[36m<div\u001b[39m\n                \u001b[33mclass\u001b[39m=\u001b[32m\"relative h-full flex flex-col justify-center items-center text-center px-4 md:px-8 max-w-7xl mx-auto\"\u001b[39m\n              \u001b[36m>\u001b[39m\n                \u001b[36m<h1\u001b[39m\n                  \u001b[33mclass\u001b[39m=\u001b[32m\"text-3xl md:text-5xl lg:text-6xl font-bold text-white mb-3 md:mb-4 max-w-4xl text-balance drop-shadow-lg\"\u001b[39m\n                \u001b[36m>\u001b[39m\n                  \u001b[0mTest Title 2\u001b[0m\n                \u001b[36m</h1>\u001b[39m\n                \u001b[36m<p\u001b[39m\n                  \u001b[33mclass\u001b[39m=\u001b[32m\"text-base md:text-lg lg:text-xl text-white/90 max-w-2xl mb-6 text-balance drop-shadow-md\"\u001b[39m\n                \u001b[36m>\u001b[39m\n                  \u001b[0mSubtitle 2\u001b[0m\n                \u001b[36m</p>\u001b[39m\n              \u001b[36m</div>\u001b[39m\n            \u001b[36m</div>\u001b[39m\n          \u001b[36m</div>\u001b[39m\n          \u001b[36m<div\u001b[39m\n            \u001b[33mclass\u001b[39m=\u001b[32m\"absolute inset-x-4 top-1/2 -translate-y-1/2 flex justify-between pointer-events-none opacity-0 group-hover:opacity-100 transition-opacity duration-300\"\u001b[39m\n          \u001b[36m>\u001b[39m\n            \u001b[36m<button\u001b[39m\n              \u001b[33maria-label\u001b[39m=\u001b[32m\"Előző slide\"\u001b[39m\n              \u001b[33mclass\u001b[39m=\u001b[32m\"pointer-events-auto p-2 rounded-full bg-black/20 hover:bg-black/40 text-white transition-all duration-300 backdrop-blur-sm transform hover:scale-110\"\u001b[39m\n            \u001b[36m>\u001b[39m\n              \u001b[36m<svg\u001b[39m\n                \u001b[33mclass\u001b[39m=\u001b[32m\"lucide lucide-chevron-left w-5 h-5\"\u001b[39m\n                \u001b[33mfill\u001b[39m=\u001b[32m\"none\"\u001b[39m\n                \u001b[33mheight\u001b[39m=\u001b[32m\"24\"\u001b[39m\n                \u001b[33mstroke\u001b[39m=\u001b[32m\"currentColor\"\u001b[39m\n                \u001b[33mstroke-linecap\u001b[39m=\u001b[32m\"round\"\u001b[39m\n                \u001b[33mstroke-linejoin\u001b[39m=\u001b[32m\"round\"\u001b[39m\n                \u001b[33mstroke-width\u001b[39m=\u001b[32m\"2\"\u001b[39m\n                \u001b[33mviewBox\u001b[39m=\u001b[32m\"0 0 24 24\"\u001b[39m\n                \u001b[33mwidth\u001b[39m=\u001b[32m\"24\"\u001b[39m\n                \u001b[33mxmlns\u001b[39m=\u001b[32m\"http://www.w3.org/2000/svg\"\u001b[39m\n              \u001b[36m>\u001b[39m\n                \u001b[36m<path\u001b[39m\n                  \u001b[33md\u001b[39m=\u001b[32m\"m15 18-6-6 6-6\"\u001b[39m\n                \u001b[36m/>\u001b[39m\n              \u001b[36m</svg>\u001b[39m\n            \u001b[36m</button>\u001b[39m\n            \u001b[36m<button\u001b[39m\n              \u001b[33maria-label\u001b[39m=\u001b[32m\"Következő slide\"\u001b[39m\n              \u001b[33mclass\u001b[39m=\u001b[32m\"pointer-events-auto p-2 rounded-full bg-black/20 hover:bg-black/40 text-white transition-all duration-300 backdrop-blur-sm transform hover:scale-110\"\u001b[39m\n            \u001b[36m>\u001b[39m\n              \u001b[36m<svg\u001b[39m\n                \u001b[33mclass\u001b[39m=\u001b[32m\"lucide lucide-chevron-right w-5 h-5\"\u001b[39m\n                \u001b[33mfill\u001b[39m=\u001b[32m\"none\"\u001b[39m\n                \u001b[33mheight\u001b[39m=\u001b[32m\"24\"\u001b[39m\n                \u001b[33mstroke\u001b[39m=\u001b[32m\"currentColor\"\u001b[39m\n                \u001b[33mstroke-linecap\u001b[39m=\u001b[32m\"round\"\u001b[39m\n                \u001b[33mstroke-linejoin\u001b[39m=\u001b[32m\"round\"\u001b[39m\n                \u001b[33mstroke-width\u001b[39m=\u001b[32m\"2\"\u001b[39m\n                \u001b[33mviewBox\u001b[39m=\u001b[32m\"0 0 24 24\"\u001b[39m\n                \u001b[33mwidth\u001b[39m=\u001b[32m\"24\"\u001b[39m\n                \u001b[33mxmlns\u001b[39m=\u001b[32m\"http://www.w3.org/2000/svg\"\u001b[39m\n              \u001b[36m>\u001b[39m\n                \u001b[36m<path\u001b[39m\n                  \u001b[33md\u001b[39m=\u001b[32m\"m9 18 6-6-6-6\"\u001b[39m\n                \u001b[36m/>\u001b[39m\n              \u001b[36m</svg>\u001b[39m\n            \u001b[36m</button>\u001b[39m\n          \u001b[36m</div>\u001b[39m\n          \u001b[36m<div\u001b[39m\n            \u001b[33mclass\u001b[39m=\u001b[32m\"absolute bottom-4 left-1/2 -translate-x-1/2 flex space-x-1.5\"\u001b[39m\n          \u001b[36m>\u001b[39m\n            \u001b[36m<button\u001b[39m\n              \u001b[33maria-label\u001b[39m=\u001b[32m\"1. slide\"\u001b[39m\n              \u001b[33mclass\u001b[39m=\u001b[32m\"w-1.5 h-1.5 rounded-full transition-all duration-300 w-4 bg-white\"\u001b[39m\n            \u001b[36m/>\u001b[39m\n            \u001b[36m<button\u001b[39m\n              \u001b[33maria-label\u001b[39m=\u001b[32m\"2. slide\"\u001b[39m\n              \u001b[33mclass\u001b[39m=\u001b[32m\"w-1.5 h-1.5 rounded-full transition-all duration-300 bg-white/50 hover:bg-white/70\"\u001b[39m\n            \u001b[36m/>\u001b[39m\n          \u001b[36m</div>\u001b[39m\n        \u001b[36m</div>\u001b[39m\n      \u001b[36m</div>\u001b[39m\n    \u001b[36m</body>\u001b[39m\n\u001b[2m\u001b[22m\n\u001b[2m    \u001b[0m \u001b[90m 72 |\u001b[39m   test(\u001b[32m\"pauses autoplay on hover\"\u001b[39m\u001b[33m,\u001b[39m () \u001b[33m=>\u001b[39m {\u001b[22m\n\u001b[2m     \u001b[90m 73 |\u001b[39m     render(\u001b[33m<\u001b[39m\u001b[33mHeroSlider\u001b[39m slides\u001b[33m=\u001b[39m{mockSlides} \u001b[33m/\u001b[39m\u001b[33m>\u001b[39m)\u001b[33m;\u001b[39m\u001b[22m\n\u001b[2m    \u001b[31m\u001b[1m>\u001b[22m\u001b[2m\u001b[39m\u001b[90m 74 |\u001b[39m     \u001b[36mconst\u001b[39m slider \u001b[33m=\u001b[39m screen\u001b[33m.\u001b[39mgetByTestId(\u001b[32m\"slider\"\u001b[39m)\u001b[33m;\u001b[39m\u001b[22m\n\u001b[2m     \u001b[90m    |\u001b[39m                           \u001b[31m\u001b[1m^\u001b[22m\u001b[2m\u001b[39m\u001b[22m\n\u001b[2m     \u001b[90m 75 |\u001b[39m\u001b[22m\n\u001b[2m     \u001b[90m 76 |\u001b[39m     fireEvent\u001b[33m.\u001b[39mmouseEnter(slider)\u001b[33m;\u001b[39m\u001b[22m\n\u001b[2m     \u001b[90m 77 |\u001b[39m     act(() \u001b[33m=>\u001b[39m {\u001b[0m\u001b[22m\n\u001b[2m\u001b[22m\n\u001b[2m      \u001b[2mat Object.getElementError (\u001b[22m\u001b[2mnode_modules/@testing-library/dom/dist/config.js\u001b[2m:37:19)\u001b[22m\u001b[2m\u001b[22m\n\u001b[2m      \u001b[2mat \u001b[22m\u001b[2mnode_modules/@testing-library/dom/dist/query-helpers.js\u001b[2m:76:38\u001b[22m\u001b[2m\u001b[22m\n\u001b[2m      \u001b[2mat \u001b[22m\u001b[2mnode_modules/@testing-library/dom/dist/query-helpers.js\u001b[2m:52:17\u001b[22m\u001b[2m\u001b[22m\n\u001b[2m      \u001b[2mat \u001b[22m\u001b[2mnode_modules/@testing-library/dom/dist/query-helpers.js\u001b[2m:95:19\u001b[22m\u001b[2m\u001b[22m\n\u001b[2m      \u001b[2mat Object.getByTestId (\u001b[22m\u001b[2m\u001b[0m\u001b[36m__tests__/components/slider/HeroSlider.test.tsx\u001b[39m\u001b[0m\u001b[2m:74:27)\u001b[22m\u001b[2m\u001b[22m\n\n\u001b[1m\u001b[31m  \u001b[1m● \u001b[22m\u001b[1mHeroSlider › renders slide indicators\u001b[39m\u001b[22m\n\n    \u001b[2mexpect(\u001b[22m\u001b[31mreceived\u001b[39m\u001b[2m).\u001b[22mtoHaveLength\u001b[2m(\u001b[22m\u001b[32mexpected\u001b[39m\u001b[2m)\u001b[22m\n\n    Expected length: \u001b[32m2\u001b[39m\n    Received length: \u001b[31m4\u001b[39m\n    Received array:  \u001b[31m[<button aria-label=\"Előző slide\" class=\"pointer-events-auto p-2 rounded-full bg-black/20 hover:bg-black/40 text-white transition-all duration-300 backdrop-blur-sm transform hover:scale-110\"><svg class=\"lucide lucide-chevron-left w-5 h-5\" fill=\"none\" height=\"24\" stroke=\"currentColor\" stroke-linecap=\"round\" stroke-linejoin=\"round\" stroke-width=\"2\" viewBox=\"0 0 24 24\" width=\"24\" xmlns=\"http://www.w3.org/2000/svg\"><path d=\"m15 18-6-6 6-6\" /></svg></button>, <button aria-label=\"Következő slide\" class=\"pointer-events-auto p-2 rounded-full bg-black/20 hover:bg-black/40 text-white transition-all duration-300 backdrop-blur-sm transform hover:scale-110\"><svg class=\"lucide lucide-chevron-right w-5 h-5\" fill=\"none\" height=\"24\" stroke=\"currentColor\" stroke-linecap=\"round\" stroke-linejoin=\"round\" stroke-width=\"2\" viewBox=\"0 0 24 24\" width=\"24\" xmlns=\"http://www.w3.org/2000/svg\"><path d=\"m9 18 6-6-6-6\" /></svg></button>, <button aria-label=\"1. slide\" class=\"w-1.5 h-1.5 rounded-full transition-all duration-300 w-4 bg-white\" />, <button aria-label=\"2. slide\" class=\"w-1.5 h-1.5 rounded-full transition-all duration-300 bg-white/50 hover:bg-white/70\" />]\u001b[39m\n\u001b[2m\u001b[22m\n\u001b[2m    \u001b[0m \u001b[90m 85 |\u001b[39m     render(\u001b[33m<\u001b[39m\u001b[33mHeroSlider\u001b[39m slides\u001b[33m=\u001b[39m{mockSlides} \u001b[33m/\u001b[39m\u001b[33m>\u001b[39m)\u001b[33m;\u001b[39m\u001b[22m\n\u001b[2m     \u001b[90m 86 |\u001b[39m     \u001b[36mconst\u001b[39m indicators \u001b[33m=\u001b[39m screen\u001b[33m.\u001b[39mgetAllByRole(\u001b[32m\"button\"\u001b[39m\u001b[33m,\u001b[39m { name\u001b[33m:\u001b[39m \u001b[35m/slide$/i\u001b[39m })\u001b[33m;\u001b[39m\u001b[22m\n\u001b[2m    \u001b[31m\u001b[1m>\u001b[22m\u001b[2m\u001b[39m\u001b[90m 87 |\u001b[39m     expect(indicators)\u001b[33m.\u001b[39mtoHaveLength(\u001b[35m2\u001b[39m)\u001b[33m;\u001b[39m\u001b[22m\n\u001b[2m     \u001b[90m    |\u001b[39m                        \u001b[31m\u001b[1m^\u001b[22m\u001b[2m\u001b[39m\u001b[22m\n\u001b[2m     \u001b[90m 88 |\u001b[39m   })\u001b[33m;\u001b[39m\u001b[22m\n\u001b[2m     \u001b[90m 89 |\u001b[39m })\u001b[33m;\u001b[39m\u001b[22m\n\u001b[2m     \u001b[90m 90 |\u001b[39m\u001b[0m\u001b[22m\n\u001b[2m\u001b[22m\n\u001b[2m      \u001b[2mat Object.toHaveLength (\u001b[22m\u001b[2m\u001b[0m\u001b[36m__tests__/components/slider/HeroSlider.test.tsx\u001b[39m\u001b[0m\u001b[2m:87:24)\u001b[22m\u001b[2m\u001b[22m\n","name":"/Users/lovas.zoltan/Seafile/Saját kötet/Me, Myself and I/webpage/lovas-political-site/__tests__/components/slider/HeroSlider.test.tsx","startTime":1739700978274,"status":"failed","summary":""},{"assertionResults":[],"coverage":{},"endTime":1739700980534,"message":"  \u001b[1m● \u001b[22mTest suite failed to run\n\n    Cannot find module 'sonner' from 'src/components/admin/SlideManager.tsx'\n\n    Require stack:\n      src/components/admin/SlideManager.tsx\n      __tests__/components/admin/SlideManager.test.tsx\n\n    \u001b[0m \u001b[90m 14 |\u001b[39m   \u001b[33mLoader2\u001b[39m\u001b[33m,\u001b[39m\n     \u001b[90m 15 |\u001b[39m   \u001b[33mMoveUp\u001b[39m\u001b[33m,\u001b[39m\n    \u001b[31m\u001b[1m>\u001b[22m\u001b[39m\u001b[90m 16 |\u001b[39m   \u001b[33mMoveDown\u001b[39m\u001b[33m,\u001b[39m\n     \u001b[90m    |\u001b[39m                 \u001b[31m\u001b[1m^\u001b[22m\u001b[39m\n     \u001b[90m 17 |\u001b[39m   \u001b[33mSave\u001b[39m\u001b[33m,\u001b[39m\n     \u001b[90m 18 |\u001b[39m } \u001b[36mfrom\u001b[39m \u001b[32m\"lucide-react\"\u001b[39m\u001b[33m;\u001b[39m\n     \u001b[90m 19 |\u001b[39m \u001b[36mimport\u001b[39m { \u001b[33mLabel\u001b[39m } \u001b[36mfrom\u001b[39m \u001b[32m\"@/components/ui/label\"\u001b[39m\u001b[33m;\u001b[39m\u001b[0m\n\n      \u001b[2mat Resolver._throwModNotFoundError (\u001b[22mnode_modules/jest-resolve/build/resolver.js\u001b[2m:427:11)\u001b[22m\n      \u001b[2mat Object.<anonymous> (\u001b[22msrc/components/admin/SlideManager.tsx\u001b[2m:16:17)\u001b[22m\n      \u001b[2mat Object.<anonymous> (\u001b[22m\u001b[0m\u001b[36m__tests__/components/admin/SlideManager.test.tsx\u001b[39m\u001b[0m\u001b[2m:9:23)\u001b[22m\n","name":"/Users/lovas.zoltan/Seafile/Saját kötet/Me, Myself and I/webpage/lovas-political-site/__tests__/components/admin/SlideManager.test.tsx","startTime":1739700980534,"status":"failed","summary":""},{"assertionResults":[],"coverage":{},"endTime":1739700980534,"message":"  \u001b[1m● \u001b[22mTest suite failed to run\n\n    ReferenceError: Request is not defined\n\n    \u001b[0m \u001b[90m 18 |\u001b[39m       console\u001b[33m.\u001b[39mlog(\u001b[32m\"Validálás kezdése...\"\u001b[39m)\u001b[33m;\u001b[39m\n     \u001b[90m 19 |\u001b[39m       \u001b[36mconst\u001b[39m validationErrors \u001b[33m=\u001b[39m validateContactForm(data)\u001b[33m;\u001b[39m\n    \u001b[31m\u001b[1m>\u001b[22m\u001b[39m\u001b[90m 20 |\u001b[39m       \u001b[36mif\u001b[39m (validationErrors\u001b[33m.\u001b[39mlength \u001b[33m>\u001b[39m \u001b[35m0\u001b[39m) {\n     \u001b[90m    |\u001b[39m                 \u001b[31m\u001b[1m^\u001b[22m\u001b[39m\n     \u001b[90m 21 |\u001b[39m         console\u001b[33m.\u001b[39mlog(\u001b[32m\"Validációs hibák:\"\u001b[39m\u001b[33m,\u001b[39m validationErrors)\u001b[33m;\u001b[39m\n     \u001b[90m 22 |\u001b[39m         \u001b[36mreturn\u001b[39m \u001b[33mNextResponse\u001b[39m\u001b[33m.\u001b[39mjson({ errors\u001b[33m:\u001b[39m validationErrors }\u001b[33m,\u001b[39m { status\u001b[33m:\u001b[39m \u001b[35m400\u001b[39m })\u001b[33m;\u001b[39m\n     \u001b[90m 23 |\u001b[39m       }\u001b[0m\n\n      \u001b[2mat Object.Request (\u001b[22mnode_modules/next/src/server/web/spec-extension/request.ts\u001b[2m:14:34)\u001b[22m\n      \u001b[2mat Object.<anonymous> (\u001b[22mnode_modules/next/server.js\u001b[2m:2:16)\u001b[22m\n      \u001b[2mat Object.<anonymous> (\u001b[22msrc/app/api/contact/route.ts\u001b[2m:20:17)\u001b[22m\n      \u001b[2mat Object.<anonymous> (\u001b[22m\u001b[0m\u001b[36m__tests__/lib/rate-limit.test.ts\u001b[39m\u001b[0m\u001b[2m:24:16)\u001b[22m\n","name":"/Users/lovas.zoltan/Seafile/Saját kötet/Me, Myself and I/webpage/lovas-political-site/__tests__/lib/rate-limit.test.ts","startTime":1739700980534,"status":"failed","summary":""},{"assertionResults":[],"coverage":{},"endTime":1739700980534,"message":"  \u001b[1m● \u001b[22mTest suite failed to run\n\n    Cannot find module '@testing-library/user-event' from '__tests__/components/ContactForm.test.tsx'\n\n    \u001b[0m \u001b[90m  7 |\u001b[39m   beforeEach(() \u001b[33m=>\u001b[39m {\n     \u001b[90m  8 |\u001b[39m     global\u001b[33m.\u001b[39mfetch \u001b[33m=\u001b[39m jest\u001b[33m.\u001b[39mfn()\u001b[33m;\u001b[39m\n    \u001b[31m\u001b[1m>\u001b[22m\u001b[39m\u001b[90m  9 |\u001b[39m   })\u001b[33m;\u001b[39m\n     \u001b[90m    |\u001b[39m                \u001b[31m\u001b[1m^\u001b[22m\u001b[39m\n     \u001b[90m 10 |\u001b[39m\n     \u001b[90m 11 |\u001b[39m   afterEach(() \u001b[33m=>\u001b[39m {\n     \u001b[90m 12 |\u001b[39m     jest\u001b[33m.\u001b[39mclearAllMocks()\u001b[33m;\u001b[39m\u001b[0m\n\n      \u001b[2mat Resolver._throwModNotFoundError (\u001b[22mnode_modules/jest-resolve/build/resolver.js\u001b[2m:427:11)\u001b[22m\n      \u001b[2mat Object.<anonymous> (\u001b[22m\u001b[0m\u001b[36m__tests__/components/ContactForm.test.tsx\u001b[39m\u001b[0m\u001b[2m:9:59)\u001b[22m\n","name":"/Users/lovas.zoltan/Seafile/Saját kötet/Me, Myself and I/webpage/lovas-political-site/__tests__/components/ContactForm.test.tsx","startTime":1739700980534,"status":"failed","summary":""},{"assertionResults":[],"coverage":{},"endTime":1739700980534,"message":"  \u001b[1m● \u001b[22mTest suite failed to run\n\n    ReferenceError: Request is not defined\n\n    \u001b[0m \u001b[90m 18 |\u001b[39m     }\n     \u001b[90m 19 |\u001b[39m\n    \u001b[31m\u001b[1m>\u001b[22m\u001b[39m\u001b[90m 20 |\u001b[39m     \u001b[90m// Rate limit ellenőrzés\u001b[39m\n     \u001b[90m    |\u001b[39m                 \u001b[31m\u001b[1m^\u001b[22m\u001b[39m\n     \u001b[90m 21 |\u001b[39m     \u001b[36mconst\u001b[39m rateLimitPassed \u001b[33m=\u001b[39m \u001b[36mawait\u001b[39m checkRateLimit(\u001b[32m\"upload\"\u001b[39m)\u001b[33m;\u001b[39m\n     \u001b[90m 22 |\u001b[39m     \u001b[36mif\u001b[39m (\u001b[33m!\u001b[39mrateLimitPassed) {\n     \u001b[90m 23 |\u001b[39m       \u001b[36mreturn\u001b[39m \u001b[33mNextResponse\u001b[39m\u001b[33m.\u001b[39mjson({ error\u001b[33m:\u001b[39m \u001b[32m\"Too many requests\"\u001b[39m }\u001b[33m,\u001b[39m { status\u001b[33m:\u001b[39m \u001b[35m429\u001b[39m })\u001b[33m;\u001b[39m\u001b[0m\n\n      \u001b[2mat Object.Request (\u001b[22mnode_modules/next/src/server/web/spec-extension/request.ts\u001b[2m:14:34)\u001b[22m\n      \u001b[2mat Object.<anonymous> (\u001b[22mnode_modules/next/server.js\u001b[2m:2:16)\u001b[22m\n      \u001b[2mat Object.<anonymous> (\u001b[22msrc/app/api/upload/route.ts\u001b[2m:20:17)\u001b[22m\n      \u001b[2mat Object.<anonymous> (\u001b[22m\u001b[0m\u001b[36m__tests__/api/upload.test.ts\u001b[39m\u001b[0m\u001b[2m:6:16)\u001b[22m\n","name":"/Users/lovas.zoltan/Seafile/Saját kötet/Me, Myself and I/webpage/lovas-political-site/__tests__/api/upload.test.ts","startTime":1739700980534,"status":"failed","summary":""},{"assertionResults":[],"coverage":{},"endTime":1739700980534,"message":"  \u001b[1m● \u001b[22mTest suite failed to run\n\n    ReferenceError: Request is not defined\n\n    \u001b[0m \u001b[90m 24 |\u001b[39m       \u001b[36mconst\u001b[39m session \u001b[33m=\u001b[39m \u001b[36mawait\u001b[39m getServerSession(authOptions)\u001b[33m;\u001b[39m\n     \u001b[90m 25 |\u001b[39m       \u001b[36mif\u001b[39m (\u001b[33m!\u001b[39msession\u001b[33m?\u001b[39m\u001b[33m.\u001b[39muser) {\n    \u001b[31m\u001b[1m>\u001b[22m\u001b[39m\u001b[90m 26 |\u001b[39m         \u001b[36mreturn\u001b[39m \u001b[33mNextResponse\u001b[39m\u001b[33m.\u001b[39mjson({ error\u001b[33m:\u001b[39m \u001b[32m\"Unauthorized\"\u001b[39m }\u001b[33m,\u001b[39m { status\u001b[33m:\u001b[39m \u001b[35m401\u001b[39m })\u001b[33m;\u001b[39m\n     \u001b[90m    |\u001b[39m                 \u001b[31m\u001b[1m^\u001b[22m\u001b[39m\n     \u001b[90m 27 |\u001b[39m       }\n     \u001b[90m 28 |\u001b[39m\n     \u001b[90m 29 |\u001b[39m       \u001b[36mconst\u001b[39m data \u001b[33m=\u001b[39m \u001b[36mawait\u001b[39m request\u001b[33m.\u001b[39mjson()\u001b[33m;\u001b[39m\u001b[0m\n\n      \u001b[2mat Object.Request (\u001b[22mnode_modules/next/src/server/web/spec-extension/request.ts\u001b[2m:14:34)\u001b[22m\n      \u001b[2mat Object.<anonymous> (\u001b[22mnode_modules/next/server.js\u001b[2m:2:16)\u001b[22m\n      \u001b[2mat Object.<anonymous> (\u001b[22msrc/app/api/themes/route.ts\u001b[2m:26:17)\u001b[22m\n      \u001b[2mat Object.<anonymous> (\u001b[22m\u001b[0m\u001b[36m__tests__/api/themes.test.ts\u001b[39m\u001b[0m\u001b[2m:12:16)\u001b[22m\n","name":"/Users/lovas.zoltan/Seafile/Saját kötet/Me, Myself and I/webpage/lovas-political-site/__tests__/api/themes.test.ts","startTime":1739700980534,"status":"failed","summary":""},{"assertionResults":[],"coverage":{},"endTime":1739700980534,"message":"  \u001b[1m● \u001b[22mTest suite failed to run\n\n    ReferenceError: Request is not defined\n\n    \u001b[0m \u001b[90m 24 |\u001b[39m       \u001b[36mconst\u001b[39m session \u001b[33m=\u001b[39m \u001b[36mawait\u001b[39m getServerSession(authOptions)\u001b[33m;\u001b[39m\n     \u001b[90m 25 |\u001b[39m       \u001b[36mif\u001b[39m (\u001b[33m!\u001b[39msession\u001b[33m?\u001b[39m\u001b[33m.\u001b[39muser) {\n    \u001b[31m\u001b[1m>\u001b[22m\u001b[39m\u001b[90m 26 |\u001b[39m         \u001b[36mreturn\u001b[39m \u001b[33mNextResponse\u001b[39m\u001b[33m.\u001b[39mjson({ error\u001b[33m:\u001b[39m \u001b[32m\"Unauthorized\"\u001b[39m }\u001b[33m,\u001b[39m { status\u001b[33m:\u001b[39m \u001b[35m401\u001b[39m })\u001b[33m;\u001b[39m\n     \u001b[90m    |\u001b[39m                 \u001b[31m\u001b[1m^\u001b[22m\u001b[39m\n     \u001b[90m 27 |\u001b[39m       }\n     \u001b[90m 28 |\u001b[39m\n     \u001b[90m 29 |\u001b[39m       \u001b[36mconst\u001b[39m data \u001b[33m=\u001b[39m \u001b[36mawait\u001b[39m request\u001b[33m.\u001b[39mjson()\u001b[33m;\u001b[39m\u001b[0m\n\n      \u001b[2mat Object.Request (\u001b[22mnode_modules/next/src/server/web/spec-extension/request.ts\u001b[2m:14:34)\u001b[22m\n      \u001b[2mat Object.<anonymous> (\u001b[22mnode_modules/next/server.js\u001b[2m:2:16)\u001b[22m\n      \u001b[2mat Object.<anonymous> (\u001b[22msrc/app/api/slides/route.ts\u001b[2m:26:17)\u001b[22m\n      \u001b[2mat Object.<anonymous> (\u001b[22m\u001b[0m\u001b[36m__tests__/api/slides.test.ts\u001b[39m\u001b[0m\u001b[2m:12:16)\u001b[22m\n","name":"/Users/lovas.zoltan/Seafile/Saját kötet/Me, Myself and I/webpage/lovas-political-site/__tests__/api/slides.test.ts","startTime":1739700980534,"status":"failed","summary":""},{"assertionResults":[],"coverage":{},"endTime":1739700980534,"message":"  \u001b[1m● \u001b[22mTest suite failed to run\n\n    ReferenceError: Request is not defined\n\n    \u001b[0m \u001b[90m 24 |\u001b[39m }\n     \u001b[90m 25 |\u001b[39m\n    \u001b[31m\u001b[1m>\u001b[22m\u001b[39m\u001b[90m 26 |\u001b[39m \u001b[36mexport\u001b[39m \u001b[36masync\u001b[39m \u001b[36mfunction\u001b[39m \u001b[33mPOST\u001b[39m(request\u001b[33m:\u001b[39m \u001b[33mRequest\u001b[39m) {\n     \u001b[90m    |\u001b[39m                 \u001b[31m\u001b[1m^\u001b[22m\u001b[39m\n     \u001b[90m 27 |\u001b[39m   \u001b[36mreturn\u001b[39m withRateLimit(\u001b[32m\"admin\"\u001b[39m\u001b[33m,\u001b[39m \u001b[36masync\u001b[39m () \u001b[33m=>\u001b[39m {\n     \u001b[90m 28 |\u001b[39m     \u001b[36mtry\u001b[39m {\n     \u001b[90m 29 |\u001b[39m       \u001b[36mconst\u001b[39m session \u001b[33m=\u001b[39m \u001b[36mawait\u001b[39m getServerSession(authOptions)\u001b[33m;\u001b[39m\u001b[0m\n\n      \u001b[2mat Object.Request (\u001b[22mnode_modules/next/src/server/web/spec-extension/request.ts\u001b[2m:14:34)\u001b[22m\n      \u001b[2mat Object.<anonymous> (\u001b[22mnode_modules/next/server.js\u001b[2m:2:16)\u001b[22m\n      \u001b[2mat Object.<anonymous> (\u001b[22msrc/app/api/posts/route.ts\u001b[2m:26:17)\u001b[22m\n      \u001b[2mat Object.<anonymous> (\u001b[22m\u001b[0m\u001b[36m__tests__/api/posts.test.ts\u001b[39m\u001b[0m\u001b[2m:12:16)\u001b[22m\n","name":"/Users/lovas.zoltan/Seafile/Saját kötet/Me, Myself and I/webpage/lovas-political-site/__tests__/api/posts.test.ts","startTime":1739700980534,"status":"failed","summary":""},{"assertionResults":[],"coverage":{},"endTime":1739700980534,"message":"  \u001b[1m● \u001b[22mTest suite failed to run\n\n    ReferenceError: Request is not defined\n\n    \u001b[0m \u001b[90m 21 |\u001b[39m     \u001b[36mif\u001b[39m (\u001b[33m!\u001b[39msession\u001b[33m?\u001b[39m\u001b[33m.\u001b[39muser) {\n     \u001b[90m 22 |\u001b[39m       \u001b[36mreturn\u001b[39m \u001b[33mNextResponse\u001b[39m\u001b[33m.\u001b[39mjson({ error\u001b[33m:\u001b[39m \u001b[32m\"Unauthorized\"\u001b[39m }\u001b[33m,\u001b[39m { status\u001b[33m:\u001b[39m \u001b[35m401\u001b[39m })\u001b[33m;\u001b[39m\n    \u001b[31m\u001b[1m>\u001b[22m\u001b[39m\u001b[90m 23 |\u001b[39m     }\n     \u001b[90m    |\u001b[39m      \u001b[31m\u001b[1m^\u001b[22m\u001b[39m\n     \u001b[90m 24 |\u001b[39m\n     \u001b[90m 25 |\u001b[39m     \u001b[36mconst\u001b[39m data \u001b[33m=\u001b[39m \u001b[36mawait\u001b[39m request\u001b[33m.\u001b[39mjson()\u001b[33m;\u001b[39m\n     \u001b[90m 26 |\u001b[39m     \u001b[36mconst\u001b[39m message \u001b[33m=\u001b[39m \u001b[36mawait\u001b[39m prisma\u001b[33m.\u001b[39mcontact\u001b[33m.\u001b[39mupdate({\u001b[0m\n\n      \u001b[2mat Object.Request (\u001b[22mnode_modules/next/src/server/web/spec-extension/request.ts\u001b[2m:14:34)\u001b[22m\n      \u001b[2mat Object.<anonymous> (\u001b[22mnode_modules/next/server.js\u001b[2m:2:16)\u001b[22m\n      \u001b[2mat Object.<anonymous> (\u001b[22msrc/app/api/messages/route.ts\u001b[2m:23:17)\u001b[22m\n      \u001b[2mat Object.<anonymous> (\u001b[22m\u001b[0m\u001b[36m__tests__/api/messages.test.ts\u001b[39m\u001b[0m\u001b[2m:8:16)\u001b[22m\n","name":"/Users/lovas.zoltan/Seafile/Saját kötet/Me, Myself and I/webpage/lovas-political-site/__tests__/api/messages.test.ts","startTime":1739700980534,"status":"failed","summary":""},{"assertionResults":[],"coverage":{},"endTime":1739700980534,"message":"  \u001b[1m● \u001b[22mTest suite failed to run\n\n    ReferenceError: Request is not defined\n\n    \u001b[0m \u001b[90m 24 |\u001b[39m\n     \u001b[90m 25 |\u001b[39m \u001b[36mexport\u001b[39m \u001b[36masync\u001b[39m \u001b[36mfunction\u001b[39m \u001b[33mPOST\u001b[39m(request\u001b[33m:\u001b[39m \u001b[33mRequest\u001b[39m) {\n    \u001b[31m\u001b[1m>\u001b[22m\u001b[39m\u001b[90m 26 |\u001b[39m   \u001b[36mreturn\u001b[39m withRateLimit(\u001b[32m\"admin\"\u001b[39m\u001b[33m,\u001b[39m \u001b[36masync\u001b[39m () \u001b[33m=>\u001b[39m {\n     \u001b[90m    |\u001b[39m                 \u001b[31m\u001b[1m^\u001b[22m\u001b[39m\n     \u001b[90m 27 |\u001b[39m     \u001b[36mtry\u001b[39m {\n     \u001b[90m 28 |\u001b[39m       \u001b[36mconst\u001b[39m session \u001b[33m=\u001b[39m \u001b[36mawait\u001b[39m getServerSession(authOptions)\u001b[33m;\u001b[39m\n     \u001b[90m 29 |\u001b[39m       \u001b[36mif\u001b[39m (\u001b[33m!\u001b[39msession\u001b[33m?\u001b[39m\u001b[33m.\u001b[39muser) {\u001b[0m\n\n      \u001b[2mat Object.Request (\u001b[22mnode_modules/next/src/server/web/spec-extension/request.ts\u001b[2m:14:34)\u001b[22m\n      \u001b[2mat Object.<anonymous> (\u001b[22mnode_modules/next/server.js\u001b[2m:2:16)\u001b[22m\n      \u001b[2mat Object.<anonymous> (\u001b[22msrc/app/api/events/route.ts\u001b[2m:26:17)\u001b[22m\n      \u001b[2mat Object.<anonymous> (\u001b[22m\u001b[0m\u001b[36m__tests__/api/events.test.ts\u001b[39m\u001b[0m\u001b[2m:12:16)\u001b[22m\n","name":"/Users/lovas.zoltan/Seafile/Saját kötet/Me, Myself and I/webpage/lovas-political-site/__tests__/api/events.test.ts","startTime":1739700980534,"status":"failed","summary":""},{"assertionResults":[],"coverage":{},"endTime":1739700980534,"message":"  \u001b[1m● \u001b[22mTest suite failed to run\n\n    ReferenceError: Request is not defined\n\n    \u001b[0m \u001b[90m 18 |\u001b[39m       console\u001b[33m.\u001b[39mlog(\u001b[32m\"Validálás kezdése...\"\u001b[39m)\u001b[33m;\u001b[39m\n     \u001b[90m 19 |\u001b[39m       \u001b[36mconst\u001b[39m validationErrors \u001b[33m=\u001b[39m validateContactForm(data)\u001b[33m;\u001b[39m\n    \u001b[31m\u001b[1m>\u001b[22m\u001b[39m\u001b[90m 20 |\u001b[39m       \u001b[36mif\u001b[39m (validationErrors\u001b[33m.\u001b[39mlength \u001b[33m>\u001b[39m \u001b[35m0\u001b[39m) {\n     \u001b[90m    |\u001b[39m                 \u001b[31m\u001b[1m^\u001b[22m\u001b[39m\n     \u001b[90m 21 |\u001b[39m         console\u001b[33m.\u001b[39mlog(\u001b[32m\"Validációs hibák:\"\u001b[39m\u001b[33m,\u001b[39m validationErrors)\u001b[33m;\u001b[39m\n     \u001b[90m 22 |\u001b[39m         \u001b[36mreturn\u001b[39m \u001b[33mNextResponse\u001b[39m\u001b[33m.\u001b[39mjson({ errors\u001b[33m:\u001b[39m validationErrors }\u001b[33m,\u001b[39m { status\u001b[33m:\u001b[39m \u001b[35m400\u001b[39m })\u001b[33m;\u001b[39m\n     \u001b[90m 23 |\u001b[39m       }\u001b[0m\n\n      \u001b[2mat Object.Request (\u001b[22mnode_modules/next/src/server/web/spec-extension/request.ts\u001b[2m:14:34)\u001b[22m\n      \u001b[2mat Object.<anonymous> (\u001b[22mnode_modules/next/server.js\u001b[2m:2:16)\u001b[22m\n      \u001b[2mat Object.<anonymous> (\u001b[22msrc/app/api/contact/route.ts\u001b[2m:20:17)\u001b[22m\n      \u001b[2mat Object.<anonymous> (\u001b[22m\u001b[0m\u001b[36m__tests__/api/contact.test.ts\u001b[39m\u001b[0m\u001b[2m:20:16)\u001b[22m\n","name":"/Users/lovas.zoltan/Seafile/Saját kötet/Me, Myself and I/webpage/lovas-political-site/__tests__/api/contact.test.ts","startTime":1739700980534,"status":"failed","summary":""},{"assertionResults":[],"coverage":{},"endTime":1739700980534,"message":"  \u001b[1m● \u001b[22mTest suite failed to run\n\n    \u001b[1m\u001b[31mJest encountered an unexpected token\u001b[39m\u001b[22m\n\n    Jest failed to parse a file. This happens e.g. when your code or its dependencies use non-standard JavaScript syntax, or when Jest is not configured to support such syntax.\n\n    Out of the box Jest supports Babel, which will be used to transform your files into valid JS based on your Babel configuration.\n\n    By default \"node_modules\" folder is ignored by transformers.\n\n    Here's what you can do:\n     • If you are trying to use ECMAScript Modules, see \u001b[4mhttps://jestjs.io/docs/ecmascript-modules\u001b[24m for how to enable it.\n     • If you are trying to use TypeScript, see \u001b[4mhttps://jestjs.io/docs/getting-started#using-typescript\u001b[24m\n     • To have some of your \"node_modules\" files transformed, you can specify a custom \u001b[1m\"transformIgnorePatterns\"\u001b[22m in your config.\n     • If you need a custom transformation specify a \u001b[1m\"transform\"\u001b[22m option in your config.\n     • If you simply want to mock your non-JS modules (e.g. binary assets) you can stub them out with the \u001b[1m\"moduleNameMapper\"\u001b[22m config option.\n\n    You'll find more details and examples of these config options in the docs:\n    \u001b[36mhttps://jestjs.io/docs/configuration\u001b[39m\n    For information about custom transformations, see:\n    \u001b[36mhttps://jestjs.io/docs/code-transformation\u001b[39m\n\n    \u001b[1m\u001b[31mDetails:\u001b[39m\u001b[22m\n\n    /Users/lovas.zoltan/Seafile/Saját kötet/Me, Myself and I/webpage/lovas-political-site/node_modules/openid-client/node_modules/jose/dist/browser/index.js:1\n    ({\"Object.<anonymous>\":function(module,exports,require,__dirname,__filename,jest){export { compactDecrypt } from './jwe/compact/decrypt.js';\n                                                                                      ^^^^^^\n\n    SyntaxError: Unexpected token 'export'\n\n    \u001b[0m \u001b[90m 21 |\u001b[39m         \u001b[90m// Rate limiting\u001b[39m\n     \u001b[90m 22 |\u001b[39m         \u001b[36mconst\u001b[39m rateLimitPassed \u001b[33m=\u001b[39m \u001b[36mawait\u001b[39m checkRateLimit(\u001b[32m\"login\"\u001b[39m)\u001b[33m;\u001b[39m\n    \u001b[31m\u001b[1m>\u001b[22m\u001b[39m\u001b[90m 23 |\u001b[39m         \u001b[36mif\u001b[39m (\u001b[33m!\u001b[39mrateLimitPassed) {\n     \u001b[90m    |\u001b[39m                                                    \u001b[31m\u001b[1m^\u001b[22m\u001b[39m\n     \u001b[90m 24 |\u001b[39m           \u001b[36mthrow\u001b[39m \u001b[36mnew\u001b[39m \u001b[33mError\u001b[39m(\u001b[32m\"Too many login attempts. Please try again later.\"\u001b[39m)\u001b[33m;\u001b[39m\n     \u001b[90m 25 |\u001b[39m         }\n     \u001b[90m 26 |\u001b[39m\u001b[0m\n\n      \u001b[2mat Runtime.createScriptFromCode (\u001b[22mnode_modules/jest-runtime/build/index.js\u001b[2m:1505:14)\u001b[22m\n      \u001b[2mat Object.<anonymous> (\u001b[22mnode_modules/openid-client/lib/client.js\u001b[2m:9:14)\u001b[22m\n      \u001b[2mat Object.<anonymous> (\u001b[22mnode_modules/openid-client/lib/issuer.js\u001b[2m:5:19)\u001b[22m\n      \u001b[2mat Object.<anonymous> (\u001b[22mnode_modules/openid-client/lib/index.js\u001b[2m:1:118)\u001b[22m\n      \u001b[2mat Object.<anonymous> (\u001b[22mnode_modules/next-auth/core/lib/oauth/callback.js\u001b[2m:7:21)\u001b[22m\n      \u001b[2mat Object.<anonymous> (\u001b[22mnode_modules/next-auth/core/routes/callback.js\u001b[2m:8:40)\u001b[22m\n      \u001b[2mat Object.<anonymous> (\u001b[22mnode_modules/next-auth/core/routes/index.js\u001b[2m:37:40)\u001b[22m\n      \u001b[2mat Object.<anonymous> (\u001b[22mnode_modules/next-auth/core/index.js\u001b[2m:10:38)\u001b[22m\n      \u001b[2mat Object.<anonymous> (\u001b[22mnode_modules/next-auth/next/index.js\u001b[2m:9:13)\u001b[22m\n      \u001b[2mat Object.<anonymous> (\u001b[22mnode_modules/next-auth/index.js\u001b[2m:25:37)\u001b[22m\n      \u001b[2mat Object.<anonymous> (\u001b[22msrc/app/api/auth/[...nextauth]/route.ts\u001b[2m:23:58)\u001b[22m\n      \u001b[2mat Object.<anonymous> (\u001b[22m\u001b[0m\u001b[36m__tests__/api/auth.test.ts\u001b[39m\u001b[0m\u001b[2m:11:16)\u001b[22m\n","name":"/Users/lovas.zoltan/Seafile/Saját kötet/Me, Myself and I/webpage/lovas-political-site/__tests__/api/auth.test.ts","startTime":1739700980534,"status":"failed","summary":""},{"assertionResults":[],"coverage":{},"endTime":1739700980534,"message":"  \u001b[1m● \u001b[22mTest suite failed to run\n\n    \u001b[1m\u001b[31mJest encountered an unexpected token\u001b[39m\u001b[22m\n\n    Jest failed to parse a file. This happens e.g. when your code or its dependencies use non-standard JavaScript syntax, or when Jest is not configured to support such syntax.\n\n    Out of the box Jest supports Babel, which will be used to transform your files into valid JS based on your Babel configuration.\n\n    By default \"node_modules\" folder is ignored by transformers.\n\n    Here's what you can do:\n     • If you are trying to use ECMAScript Modules, see \u001b[4mhttps://jestjs.io/docs/ecmascript-modules\u001b[24m for how to enable it.\n     • If you are trying to use TypeScript, see \u001b[4mhttps://jestjs.io/docs/getting-started#using-typescript\u001b[24m\n     • To have some of your \"node_modules\" files transformed, you can specify a custom \u001b[1m\"transformIgnorePatterns\"\u001b[22m in your config.\n     • If you need a custom transformation specify a \u001b[1m\"transform\"\u001b[22m option in your config.\n     • If you simply want to mock your non-JS modules (e.g. binary assets) you can stub them out with the \u001b[1m\"moduleNameMapper\"\u001b[22m config option.\n\n    You'll find more details and examples of these config options in the docs:\n    \u001b[36mhttps://jestjs.io/docs/configuration\u001b[39m\n    For information about custom transformations, see:\n    \u001b[36mhttps://jestjs.io/docs/code-transformation\u001b[39m\n\n    \u001b[1m\u001b[31mDetails:\u001b[39m\u001b[22m\n\n    /Users/lovas.zoltan/Seafile/Saját kötet/Me, Myself and I/webpage/lovas-political-site/node_modules/openid-client/node_modules/jose/dist/browser/index.js:1\n    ({\"Object.<anonymous>\":function(module,exports,require,__dirname,__filename,jest){export { compactDecrypt } from './jwe/compact/decrypt.js';\n                                                                                      ^^^^^^\n\n    SyntaxError: Unexpected token 'export'\n\n    \u001b[0m \u001b[90m 21 |\u001b[39m         \u001b[90m// Rate limiting\u001b[39m\n     \u001b[90m 22 |\u001b[39m         \u001b[36mconst\u001b[39m rateLimitPassed \u001b[33m=\u001b[39m \u001b[36mawait\u001b[39m checkRateLimit(\u001b[32m\"login\"\u001b[39m)\u001b[33m;\u001b[39m\n    \u001b[31m\u001b[1m>\u001b[22m\u001b[39m\u001b[90m 23 |\u001b[39m         \u001b[36mif\u001b[39m (\u001b[33m!\u001b[39mrateLimitPassed) {\n     \u001b[90m    |\u001b[39m                                                    \u001b[31m\u001b[1m^\u001b[22m\u001b[39m\n     \u001b[90m 24 |\u001b[39m           \u001b[36mthrow\u001b[39m \u001b[36mnew\u001b[39m \u001b[33mError\u001b[39m(\u001b[32m\"Too many login attempts. Please try again later.\"\u001b[39m)\u001b[33m;\u001b[39m\n     \u001b[90m 25 |\u001b[39m         }\n     \u001b[90m 26 |\u001b[39m\u001b[0m\n\n      \u001b[2mat Runtime.createScriptFromCode (\u001b[22mnode_modules/jest-runtime/build/index.js\u001b[2m:1505:14)\u001b[22m\n      \u001b[2mat Object.<anonymous> (\u001b[22mnode_modules/openid-client/lib/client.js\u001b[2m:9:14)\u001b[22m\n      \u001b[2mat Object.<anonymous> (\u001b[22mnode_modules/openid-client/lib/issuer.js\u001b[2m:5:19)\u001b[22m\n      \u001b[2mat Object.<anonymous> (\u001b[22mnode_modules/openid-client/lib/index.js\u001b[2m:1:118)\u001b[22m\n      \u001b[2mat Object.<anonymous> (\u001b[22mnode_modules/next-auth/core/lib/oauth/callback.js\u001b[2m:7:21)\u001b[22m\n      \u001b[2mat Object.<anonymous> (\u001b[22mnode_modules/next-auth/core/routes/callback.js\u001b[2m:8:40)\u001b[22m\n      \u001b[2mat Object.<anonymous> (\u001b[22mnode_modules/next-auth/core/routes/index.js\u001b[2m:37:40)\u001b[22m\n      \u001b[2mat Object.<anonymous> (\u001b[22mnode_modules/next-auth/core/index.js\u001b[2m:10:38)\u001b[22m\n      \u001b[2mat Object.<anonymous> (\u001b[22mnode_modules/next-auth/next/index.js\u001b[2m:9:13)\u001b[22m\n      \u001b[2mat Object.<anonymous> (\u001b[22mnode_modules/next-auth/index.js\u001b[2m:25:37)\u001b[22m\n      \u001b[2mat Object.<anonymous> (\u001b[22msrc/app/api/auth/[...nextauth]/route.ts\u001b[2m:23:58)\u001b[22m\n      \u001b[2mat Object.<anonymous> (\u001b[22m\u001b[0m\u001b[36m__tests__/admin-auth.test.ts\u001b[39m\u001b[0m\u001b[2m:7:16)\u001b[22m\n","name":"/Users/lovas.zoltan/Seafile/Saját kötet/Me, Myself and I/webpage/lovas-political-site/__tests__/admin-auth.test.ts","startTime":1739700980534,"status":"failed","summary":""},{"assertionResults":[],"coverage":{},"endTime":1739700980534,"message":"  \u001b[1m● \u001b[22mTest suite failed to run\n\n    Cannot find module '@playwright/test' from 'admin-auth.test.ts'\n\n    \u001b[0m \u001b[90m 4 |\u001b[39m test\u001b[33m.\u001b[39mdescribe(\u001b[32m\"Admin authentication\"\u001b[39m\u001b[33m,\u001b[39m () \u001b[33m=>\u001b[39m {\n     \u001b[90m 5 |\u001b[39m   test(\u001b[32m\"should not allow non-admin users to access admin panel\"\u001b[39m\u001b[33m,\u001b[39m \u001b[36masync\u001b[39m ({\n    \u001b[31m\u001b[1m>\u001b[22m\u001b[39m\u001b[90m 6 |\u001b[39m     page\u001b[33m,\u001b[39m\n     \u001b[90m   |\u001b[39m               \u001b[31m\u001b[1m^\u001b[22m\u001b[39m\n     \u001b[90m 7 |\u001b[39m   }) \u001b[33m=>\u001b[39m {\n     \u001b[90m 8 |\u001b[39m     \u001b[36mawait\u001b[39m page\u001b[33m.\u001b[39mgoto(\u001b[32m\"/admin\"\u001b[39m)\u001b[33m;\u001b[39m\n     \u001b[90m 9 |\u001b[39m     expect(page\u001b[33m.\u001b[39murl())\u001b[33m.\u001b[39mtoContain(\u001b[32m\"/admin/login\"\u001b[39m)\u001b[33m;\u001b[39m\u001b[0m\n\n      \u001b[2mat Resolver._throwModNotFoundError (\u001b[22mnode_modules/jest-resolve/build/resolver.js\u001b[2m:427:11)\u001b[22m\n      \u001b[2mat Object.<anonymous> (\u001b[22m\u001b[0m\u001b[36madmin-auth.test.ts\u001b[39m\u001b[0m\u001b[2m:6:15)\u001b[22m\n","name":"/Users/lovas.zoltan/Seafile/Saját kötet/Me, Myself and I/webpage/lovas-political-site/admin-auth.test.ts","startTime":1739700980534,"status":"failed","summary":""}],"wasInterrupted":false}
